#
# There is insufficient memory for the Java Runtime Environment to continue.
# Native memory allocation (malloc) failed to allocate 80976 bytes for Chunk::new
# Possible reasons:
#   The system is out of physical RAM or swap space
#   The process is running with CompressedOops enabled, and the Java Heap may be blocking the growth of the native heap
# Possible solutions:
#   Reduce memory load on the system
#   Increase physical memory or swap space
#   Check if swap backing store is full
#   Decrease Java heap size (-Xmx/-Xms)
#   Decrease number of Java threads
#   Decrease Java thread stack sizes (-Xss)
#   Set larger code cache with -XX:ReservedCodeCacheSize=
#   JVM is running with Unscaled Compressed Oops mode in which the Java heap is
#     placed in the first 4GB address space. The Java Heap base address is the
#     maximum limit for the native heap growth. Please use -XX:HeapBaseMinAddress
#     to set the Java Heap base and to place the Java Heap above 4GB virtual address.
# This output file may be truncated or incomplete.
#
#  Out of Memory Error (arena.cpp:191), pid=7844, tid=2264
#
# JRE version: OpenJDK Runtime Environment Temurin-17.0.9+9 (17.0.9+9) (build 17.0.9+9)
# Java VM: OpenJDK 64-Bit Server VM Temurin-17.0.9+9 (17.0.9+9, mixed mode, tiered, compressed oops, compressed class ptrs, parallel gc, windows-amd64)
# No core dump will be written. Minidumps are not enabled by default on client versions of Windows
#

---------------  S U M M A R Y ------------

Command Line: --add-modules=ALL-SYSTEM --add-opens=java.base/java.util=ALL-UNNAMED --add-opens=java.base/java.lang=ALL-UNNAMED --add-opens=java.base/sun.nio.fs=ALL-UNNAMED -Declipse.application=org.eclipse.jdt.ls.core.id1 -Dosgi.bundles.defaultStartLevel=4 -Declipse.product=org.eclipse.jdt.ls.core.product -Djava.import.generatesMetadataFilesAtProjectRoot=false -DDetectVMInstallationsJob.disabled=true -Dfile.encoding=utf8 -XX:+UseParallelGC -XX:GCTimeRatio=4 -XX:AdaptiveSizePolicyWeight=90 -Dsun.zip.disableMemoryMapping=true -Xmx1G -Xms100m -Xlog:disable -javaagent:c:\Users\praja\.vscode\extensions\redhat.java-1.25.0-win32-x64\lombok\lombok-1.18.30.jar -XX:+HeapDumpOnOutOfMemoryError -XX:HeapDumpPath=c:\Users\praja\AppData\Roaming\Code\User\workspaceStorage\af695a315766e8fe8ca17075b35fad3f\redhat.java -Daether.dependencyCollector.impl=bf c:\Users\praja\.vscode\extensions\redhat.java-1.25.0-win32-x64\server\plugins\org.eclipse.equinox.launcher_1.6.600.v20231012-1237.jar -configuration c:\Users\praja\AppData\Roaming\Code\User\globalStorage\redhat.java\1.25.0\config_win -data c:\Users\praja\AppData\Roaming\Code\User\workspaceStorage\af695a315766e8fe8ca17075b35fad3f\redhat.java\jdt_ws --stdio

Host: AMD Ryzen 3 3250U with Radeon Graphics         , 4 cores, 5G,  Windows 11 , 64 bit Build 22621 (10.0.22621.2506)
Time: Wed Dec 20 21:32:35 2023 India Standard Time elapsed time: 3.000007 seconds (0d 0h 0m 3s)

---------------  T H R E A D  ---------------

Current thread (0x0000023d1fe6f770):  JavaThread "C2 CompilerThread1" daemon [_thread_in_native, id=2264, stack(0x000000e62d900000,0x000000e62da00000)]


Current CompileTask:
C2:   3000  585       4       java.util.Collections$UnmodifiableCollection::iterator (9 bytes)

Stack: [0x000000e62d900000,0x000000e62da00000]
Native frames: (J=compiled Java code, j=interpreted, Vv=VM code, C=native code)
V  [jvm.dll+0x67cf49]
V  [jvm.dll+0x83478a]
V  [jvm.dll+0x83624e]
V  [jvm.dll+0x8368b3]
V  [jvm.dll+0x247f1f]
V  [jvm.dll+0xac43c]
V  [jvm.dll+0xaca8c]
V  [jvm.dll+0x2af45f]
V  [jvm.dll+0x5853f7]
V  [jvm.dll+0x222f62]
V  [jvm.dll+0x21bc8d]
V  [jvm.dll+0x2198c1]
V  [jvm.dll+0x1a57cd]
V  [jvm.dll+0x2297ae]
V  [jvm.dll+0x22797c]
V  [jvm.dll+0x7e9877]
V  [jvm.dll+0x7e3c3a]
V  [jvm.dll+0x67be35]
C  [ucrtbase.dll+0x29363]
C  [KERNEL32.DLL+0x1257d]
C  [ntdll.dll+0x5aa58]


---------------  P R O C E S S  ---------------

Threads class SMR info:
_java_thread_list=0x0000023d1feba350, length=13, elements={
0x0000023d069b20a0, 0x0000023d1a7ea020, 0x0000023d1a7ecd80, 0x0000023d1a828f20,
0x0000023d1a829bb0, 0x0000023d1a82a940, 0x0000023d1a82b410, 0x0000023d1a82e0d0,
0x0000023d1a83ea90, 0x0000023d1f9e56d0, 0x0000023d1fa77390, 0x0000023d1fc48010,
0x0000023d1fe6f770
}

Java Threads: ( => current thread )
  0x0000023d069b20a0 JavaThread "main" [_thread_in_Java, id=16024, stack(0x000000e62ca00000,0x000000e62cb00000)]
  0x0000023d1a7ea020 JavaThread "Reference Handler" daemon [_thread_blocked, id=260, stack(0x000000e62cd00000,0x000000e62ce00000)]
  0x0000023d1a7ecd80 JavaThread "Finalizer" daemon [_thread_blocked, id=1032, stack(0x000000e62ce00000,0x000000e62cf00000)]
  0x0000023d1a828f20 JavaThread "Signal Dispatcher" daemon [_thread_blocked, id=19856, stack(0x000000e62cf00000,0x000000e62d000000)]
  0x0000023d1a829bb0 JavaThread "Attach Listener" daemon [_thread_blocked, id=2732, stack(0x000000e62d000000,0x000000e62d100000)]
  0x0000023d1a82a940 JavaThread "Service Thread" daemon [_thread_blocked, id=7292, stack(0x000000e62d100000,0x000000e62d200000)]
  0x0000023d1a82b410 JavaThread "Monitor Deflation Thread" daemon [_thread_blocked, id=15220, stack(0x000000e62d200000,0x000000e62d300000)]
  0x0000023d1a82e0d0 JavaThread "C2 CompilerThread0" daemon [_thread_in_native, id=9916, stack(0x000000e62d300000,0x000000e62d400000)]
  0x0000023d1a83ea90 JavaThread "C1 CompilerThread0" daemon [_thread_blocked, id=16584, stack(0x000000e62d400000,0x000000e62d500000)]
  0x0000023d1f9e56d0 JavaThread "Sweeper thread" daemon [_thread_blocked, id=18040, stack(0x000000e62d500000,0x000000e62d600000)]
  0x0000023d1fa77390 JavaThread "Common-Cleaner" daemon [_thread_blocked, id=9228, stack(0x000000e62d600000,0x000000e62d700000)]
  0x0000023d1fc48010 JavaThread "Notification Thread" daemon [_thread_blocked, id=17772, stack(0x000000e62d700000,0x000000e62d800000)]
=>0x0000023d1fe6f770 JavaThread "C2 CompilerThread1" daemon [_thread_in_native, id=2264, stack(0x000000e62d900000,0x000000e62da00000)]

Other Threads:
  0x0000023d06a5ea50 VMThread "VM Thread" [stack: 0x000000e62cc00000,0x000000e62cd00000] [id=14656]
  0x0000023d1fc484f0 WatcherThread [stack: 0x000000e62d800000,0x000000e62d900000] [id=2796]
  0x0000023d069c6cc0 GCTaskThread "GC Thread#0" [stack: 0x000000e62cb00000,0x000000e62cc00000] [id=15824]

Threads with active compile tasks:
C2 CompilerThread0     3061  586       4       lombok.patcher.PatchScript::classMatches (41 bytes)
C2 CompilerThread1     3061  585       4       java.util.Collections$UnmodifiableCollection::iterator (9 bytes)

VM state: not at safepoint (normal execution)

VM Mutex/Monitor currently owned by a thread: None

Heap address: 0x00000000c0000000, size: 1024 MB, Compressed Oops mode: 32-bit

CDS archive(s) not mapped
Compressed class space mapped at: 0x0000000100000000-0x0000000140000000, reserved size: 1073741824
Narrow klass base: 0x0000000000000000, Narrow klass shift: 3, Narrow klass range: 0x140000000

GC Precious Log:
 CPUs: 4 total, 4 available
 Memory: 6086M
 Large Page Support: Disabled
 NUMA Support: Disabled
 Compressed Oops: Enabled (32-bit)
 Alignments: Space 512K, Generation 512K, Heap 2M
 Heap Min Capacity: 100M
 Heap Initial Capacity: 100M
 Heap Max Capacity: 1G
 Pre-touch: Disabled
 Parallel Workers: 4

Heap:
 PSYoungGen      total 29696K, used 13945K [0x00000000eab00000, 0x00000000ecc00000, 0x0000000100000000)
  eden space 25600K, 54% used [0x00000000eab00000,0x00000000eb89e578,0x00000000ec400000)
  from space 4096K, 0% used [0x00000000ec800000,0x00000000ec800000,0x00000000ecc00000)
  to   space 4096K, 0% used [0x00000000ec400000,0x00000000ec400000,0x00000000ec800000)
 ParOldGen       total 68608K, used 0K [0x00000000c0000000, 0x00000000c4300000, 0x00000000eab00000)
  object space 68608K, 0% used [0x00000000c0000000,0x00000000c0000000,0x00000000c4300000)
 Metaspace       used 9087K, committed 9216K, reserved 1114112K
  class space    used 901K, committed 960K, reserved 1048576K

Card table byte_map: [0x0000023d06370000,0x0000023d06580000] _byte_map_base: 0x0000023d05d70000

Marking Bits: (ParMarkBitMap*) 0x00007ff8a803d0b0
 Begin Bits: [0x0000023d18640000, 0x0000023d19640000)
 End Bits:   [0x0000023d19640000, 0x0000023d1a640000)

Polling page: 0x0000023d06160000

Metaspace:

Usage:
  Non-class:      7.99 MB used.
      Class:    901.34 KB used.
       Both:      8.88 MB used.

Virtual space:
  Non-class space:       64.00 MB reserved,       8.06 MB ( 13%) committed,  1 nodes.
      Class space:        1.00 GB reserved,     960.00 KB ( <1%) committed,  1 nodes.
             Both:        1.06 GB reserved,       9.00 MB ( <1%) committed. 

Chunk freelists:
   Non-Class:  7.94 MB
       Class:  15.08 MB
        Both:  23.02 MB

MaxMetaspaceSize: unlimited
CompressedClassSpaceSize: 1.00 GB
Initial GC threshold: 21.00 MB
Current GC threshold: 21.00 MB
CDS: off
MetaspaceReclaimPolicy: balanced
 - commit_granule_bytes: 65536.
 - commit_granule_words: 8192.
 - virtual_space_node_default_size: 8388608.
 - enlarge_chunks_in_place: 1.
 - new_chunks_are_fully_committed: 0.
 - uncommit_free_chunks: 1.
 - use_allocation_guard: 0.
 - handle_deallocations: 1.


Internal statistics:

num_allocs_failed_limit: 0.
num_arena_births: 10.
num_arena_deaths: 0.
num_vsnodes_births: 2.
num_vsnodes_deaths: 0.
num_space_committed: 144.
num_space_uncommitted: 0.
num_chunks_returned_to_freelist: 0.
num_chunks_taken_from_freelist: 44.
num_chunk_merges: 0.
num_chunk_splits: 26.
num_chunks_enlarged: 25.
num_inconsistent_stats: 0.

CodeHeap 'non-profiled nmethods': size=120000Kb used=212Kb max_used=212Kb free=119787Kb
 bounds [0x0000023d11110000, 0x0000023d11380000, 0x0000023d18640000]
CodeHeap 'profiled nmethods': size=120000Kb used=872Kb max_used=872Kb free=119127Kb
 bounds [0x0000023d09640000, 0x0000023d098b0000, 0x0000023d10b70000]
CodeHeap 'non-nmethods': size=5760Kb used=1132Kb max_used=1147Kb free=4627Kb
 bounds [0x0000023d10b70000, 0x0000023d10de0000, 0x0000023d11110000]
 total_blobs=1024 nmethods=602 adapters=337
 compilation: enabled
              stopped_count=0, restarted_count=0
 full_count=0

Compilation events (20 events):
Event: 2.959 Thread 0x0000023d1a83ea90 nmethod 588 0x0000023d09708210 code [0x0000023d09708400, 0x0000023d09708aa8]
Event: 2.959 Thread 0x0000023d1a83ea90  589       3       java.lang.String::valueOf (15 bytes)
Event: 2.959 Thread 0x0000023d1a83ea90 nmethod 589 0x0000023d09708c90 code [0x0000023d09708e40, 0x0000023d09709048]
Event: 2.959 Thread 0x0000023d1a83ea90  590       3       java.security.Provider$ServiceKey::<init> (39 bytes)
Event: 2.960 Thread 0x0000023d1a83ea90 nmethod 590 0x0000023d09709110 code [0x0000023d09709300, 0x0000023d09709748]
Event: 2.960 Thread 0x0000023d1a83ea90  591       1       java.security.Provider$UString::toString (5 bytes)
Event: 2.961 Thread 0x0000023d1a83ea90 nmethod 591 0x0000023d11143610 code [0x0000023d111437a0, 0x0000023d11143878]
Event: 2.961 Thread 0x0000023d1a83ea90  592       1       java.security.Provider$Service::getProvider (5 bytes)
Event: 2.961 Thread 0x0000023d1a83ea90 nmethod 592 0x0000023d11143910 code [0x0000023d11143aa0, 0x0000023d11143b78]
Event: 2.962 Thread 0x0000023d1a83ea90  593       3       sun.security.provider.SHA2::implCompress0 (490 bytes)
Event: 2.964 Thread 0x0000023d1a83ea90 nmethod 593 0x0000023d09709910 code [0x0000023d09709b00, 0x0000023d0970a368]
Event: 2.964 Thread 0x0000023d1a83ea90  594       3       sun.security.provider.ByteArrayAccess::b2iBig64 (231 bytes)
Event: 2.991 Thread 0x0000023d1a82e0d0 nmethod 584 0x0000023d11143c10 code [0x0000023d11143dc0, 0x0000023d111443b8]
Event: 2.992 Thread 0x0000023d1a82e0d0  586       4       lombok.patcher.PatchScript::classMatches (41 bytes)
Event: 2.993 Thread 0x0000023d1fe6f770  585       4       java.util.Collections$UnmodifiableCollection::iterator (9 bytes)
Event: 2.993 Thread 0x0000023d1a83ea90 nmethod 594 0x0000023d0970a810 code [0x0000023d0970b2e0, 0x0000023d097116b8]
Event: 2.993 Thread 0x0000023d1a83ea90  595       3       sun.security.provider.SHA2::implCompress (13 bytes)
Event: 2.994 Thread 0x0000023d1a83ea90 nmethod 595 0x0000023d09713410 code [0x0000023d09713600, 0x0000023d09713a48]
Event: 2.994 Thread 0x0000023d1a83ea90  596       3       sun.security.provider.SHA2::implCompressCheck (27 bytes)
Event: 2.994 Thread 0x0000023d1a83ea90 nmethod 596 0x0000023d09713c10 code [0x0000023d09713de0, 0x0000023d09714198]

GC Heap History (0 events):
No events

Dll operation events (8 events):
Event: 0.026 Loaded shared library c:\Users\praja\.vscode\extensions\redhat.java-1.25.0-win32-x64\jre\17.0.9-win32-x86_64\bin\java.dll
Event: 0.927 Loaded shared library c:\Users\praja\.vscode\extensions\redhat.java-1.25.0-win32-x64\jre\17.0.9-win32-x86_64\bin\zip.dll
Event: 0.932 Loaded shared library C:\Users\praja\.vscode\extensions\redhat.java-1.25.0-win32-x64\jre\17.0.9-win32-x86_64\bin\instrument.dll
Event: 1.032 Loaded shared library C:\Users\praja\.vscode\extensions\redhat.java-1.25.0-win32-x64\jre\17.0.9-win32-x86_64\bin\net.dll
Event: 1.036 Loaded shared library C:\Users\praja\.vscode\extensions\redhat.java-1.25.0-win32-x64\jre\17.0.9-win32-x86_64\bin\nio.dll
Event: 1.098 Loaded shared library C:\Users\praja\.vscode\extensions\redhat.java-1.25.0-win32-x64\jre\17.0.9-win32-x86_64\bin\zip.dll
Event: 1.213 Loaded shared library C:\Users\praja\.vscode\extensions\redhat.java-1.25.0-win32-x64\jre\17.0.9-win32-x86_64\bin\jimage.dll
Event: 1.609 Loaded shared library c:\Users\praja\.vscode\extensions\redhat.java-1.25.0-win32-x64\jre\17.0.9-win32-x86_64\bin\verify.dll

Deoptimization events (20 events):
Event: 2.248 Thread 0x0000023d069b20a0 Uncommon trap: trap_request=0xffffff45 fr.pc=0x0000023d1111ecf4 relative=0x0000000000000074
Event: 2.248 Thread 0x0000023d069b20a0 Uncommon trap: reason=unstable_if action=reinterpret pc=0x0000023d1111ecf4 method=java.lang.String.isLatin1()Z @ 10 c2
Event: 2.248 Thread 0x0000023d069b20a0 DEOPT PACKING pc=0x0000023d1111ecf4 sp=0x000000e62cafef80
Event: 2.249 Thread 0x0000023d069b20a0 DEOPT UNPACKING pc=0x0000023d10bc66a3 sp=0x000000e62cafeec0 mode 2
Event: 2.636 Thread 0x0000023d069b20a0 Uncommon trap: trap_request=0xffffff45 fr.pc=0x0000023d11126ec0 relative=0x00000000000000c0
Event: 2.636 Thread 0x0000023d069b20a0 Uncommon trap: reason=unstable_if action=reinterpret pc=0x0000023d11126ec0 method=java.net.URI.match(CJJ)Z @ 45 c2
Event: 2.636 Thread 0x0000023d069b20a0 DEOPT PACKING pc=0x0000023d11126ec0 sp=0x000000e62cafca50
Event: 2.636 Thread 0x0000023d069b20a0 DEOPT UNPACKING pc=0x0000023d10bc66a3 sp=0x000000e62cafc9d8 mode 2
Event: 2.655 Thread 0x0000023d069b20a0 Uncommon trap: trap_request=0xffffff45 fr.pc=0x0000023d111381ec relative=0x000000000000060c
Event: 2.655 Thread 0x0000023d069b20a0 Uncommon trap: reason=unstable_if action=reinterpret pc=0x0000023d111381ec method=java.lang.String.replace(Ljava/lang/CharSequence;Ljava/lang/CharSequence;)Ljava/lang/String; @ 48 c2
Event: 2.655 Thread 0x0000023d069b20a0 DEOPT PACKING pc=0x0000023d111381ec sp=0x000000e62cafc9c0
Event: 2.655 Thread 0x0000023d069b20a0 DEOPT UNPACKING pc=0x0000023d10bc66a3 sp=0x000000e62cafc940 mode 2
Event: 2.867 Thread 0x0000023d069b20a0 Uncommon trap: trap_request=0xffffff45 fr.pc=0x0000023d11125be4 relative=0x00000000000002e4
Event: 2.867 Thread 0x0000023d069b20a0 Uncommon trap: reason=unstable_if action=reinterpret pc=0x0000023d11125be4 method=java.lang.StringUTF16.compress([CI[BII)I @ 20 c2
Event: 2.867 Thread 0x0000023d069b20a0 DEOPT PACKING pc=0x0000023d11125be4 sp=0x000000e62cafbb30
Event: 2.867 Thread 0x0000023d069b20a0 DEOPT UNPACKING pc=0x0000023d10bc66a3 sp=0x000000e62cafbab0 mode 2
Event: 2.892 Thread 0x0000023d069b20a0 Uncommon trap: trap_request=0xffffffde fr.pc=0x0000023d1111d6b8 relative=0x00000000000006b8
Event: 2.892 Thread 0x0000023d069b20a0 Uncommon trap: reason=class_check action=maybe_recompile pc=0x0000023d1111d6b8 method=java.util.HashMap.putVal(ILjava/lang/Object;Ljava/lang/Object;ZZ)Ljava/lang/Object; @ 91 c2
Event: 2.892 Thread 0x0000023d069b20a0 DEOPT PACKING pc=0x0000023d1111d6b8 sp=0x000000e62cafde20
Event: 2.892 Thread 0x0000023d069b20a0 DEOPT UNPACKING pc=0x0000023d10bc66a3 sp=0x000000e62cafddc0 mode 2

Classes unloaded (0 events):
No events

Classes redefined (0 events):
No events

Internal exceptions (2 events):
Event: 0.799 Thread 0x0000023d069b20a0 Exception <a 'java/lang/NoSuchMethodError'{0x00000000eacb2660}: 'void java.lang.invoke.DirectMethodHandle$Holder.invokeStatic(java.lang.Object, java.lang.Object, java.lang.Object)'> (0x00000000eacb2660) 
thrown [s\src\hotspot\share\interpreter\linkResolver.cpp, line 759]
Event: 1.788 Thread 0x0000023d069b20a0 Exception <a 'java/lang/reflect/InvocationTargetException'{0x00000000eafe2dd8}> (0x00000000eafe2dd8) 
thrown [s\src\hotspot\share\runtime\reflection.cpp, line 1121]

VM Operations (10 events):
Event: 0.844 Executing VM operation: HandshakeAllThreads
Event: 0.844 Executing VM operation: HandshakeAllThreads done
Event: 1.283 Executing VM operation: HandshakeAllThreads
Event: 1.283 Executing VM operation: HandshakeAllThreads done
Event: 1.283 Executing VM operation: Cleanup
Event: 1.283 Executing VM operation: Cleanup done
Event: 2.298 Executing VM operation: Cleanup
Event: 2.347 Executing VM operation: Cleanup done
Event: 2.953 Executing VM operation: HandshakeAllThreads
Event: 2.953 Executing VM operation: HandshakeAllThreads done

Events (20 events):
Event: 2.951 loading class sun/security/util/KeyUtil done
Event: 2.951 loading class sun/security/util/Length
Event: 2.952 loading class sun/security/util/Length done
Event: 2.952 loading class javax/crypto/SecretKey
Event: 2.952 loading class javax/crypto/SecretKey done
Event: 2.952 loading class java/util/LinkedHashMap$LinkedEntrySet
Event: 2.952 loading class java/util/LinkedHashMap$LinkedEntrySet done
Event: 2.952 loading class java/util/LinkedHashMap$LinkedEntryIterator
Event: 2.953 loading class java/util/LinkedHashMap$LinkedEntryIterator done
Event: 2.955 loading class java/util/Base64
Event: 2.955 loading class java/util/Base64 done
Event: 2.955 loading class java/util/Base64$Decoder
Event: 2.955 loading class java/util/Base64$Decoder done
Event: 2.955 loading class java/util/Base64$Encoder
Event: 2.956 loading class java/util/Base64$Encoder done
Event: 2.956 loading class java/util/jar/JarVerifier$VerifierStream
Event: 2.957 loading class java/util/jar/JarVerifier$VerifierStream done
Event: 2.957 loading class sun/security/util/ManifestEntryVerifier$SunProviderHolder
Event: 2.958 loading class sun/security/util/ManifestEntryVerifier$SunProviderHolder done
Event: 2.992 Thread 0x0000023d1fe6f770 Thread added: 0x0000023d1fe6f770


Dynamic libraries:
0x00007ff6ad760000 - 0x00007ff6ad76e000 	c:\Users\praja\.vscode\extensions\redhat.java-1.25.0-win32-x64\jre\17.0.9-win32-x86_64\bin\java.exe
0x00007ff909ab0000 - 0x00007ff909cc7000 	C:\WINDOWS\SYSTEM32\ntdll.dll
0x00007ff908ac0000 - 0x00007ff908b84000 	C:\WINDOWS\System32\KERNEL32.DLL
0x00007ff907450000 - 0x00007ff9077f6000 	C:\WINDOWS\System32\KERNELBASE.dll
0x00007ff906e20000 - 0x00007ff906f31000 	C:\WINDOWS\System32\ucrtbase.dll
0x00007ff8d6b20000 - 0x00007ff8d6b37000 	c:\Users\praja\.vscode\extensions\redhat.java-1.25.0-win32-x64\jre\17.0.9-win32-x86_64\bin\jli.dll
0x00007ff9096e0000 - 0x00007ff90988e000 	C:\WINDOWS\System32\USER32.dll
0x00007ff907120000 - 0x00007ff907146000 	C:\WINDOWS\System32\win32u.dll
0x00007ff9096b0000 - 0x00007ff9096d9000 	C:\WINDOWS\System32\GDI32.dll
0x00007ff907000000 - 0x00007ff907118000 	C:\WINDOWS\System32\gdi32full.dll
0x00007ff907150000 - 0x00007ff9071ea000 	C:\WINDOWS\System32\msvcp_win.dll
0x00007ff8d4570000 - 0x00007ff8d458b000 	c:\Users\praja\.vscode\extensions\redhat.java-1.25.0-win32-x64\jre\17.0.9-win32-x86_64\bin\VCRUNTIME140.dll
0x00007ff8e76f0000 - 0x00007ff8e7983000 	C:\WINDOWS\WinSxS\amd64_microsoft.windows.common-controls_6595b64144ccf1df_6.0.22621.2506_none_270c5ae97388e100\COMCTL32.dll
0x00007ff9087d0000 - 0x00007ff908877000 	C:\WINDOWS\System32\msvcrt.dll
0x00007ff907ba0000 - 0x00007ff907bd1000 	C:\WINDOWS\System32\IMM32.DLL
0x00007ff8f35e0000 - 0x00007ff8f35ec000 	c:\Users\praja\.vscode\extensions\redhat.java-1.25.0-win32-x64\jre\17.0.9-win32-x86_64\bin\vcruntime140_1.dll
0x00007ff8c01b0000 - 0x00007ff8c023d000 	c:\Users\praja\.vscode\extensions\redhat.java-1.25.0-win32-x64\jre\17.0.9-win32-x86_64\bin\msvcp140.dll
0x00007ff8a74a0000 - 0x00007ff8a8101000 	c:\Users\praja\.vscode\extensions\redhat.java-1.25.0-win32-x64\jre\17.0.9-win32-x86_64\bin\server\jvm.dll
0x00007ff907be0000 - 0x00007ff907c91000 	C:\WINDOWS\System32\ADVAPI32.dll
0x00007ff909600000 - 0x00007ff9096a5000 	C:\WINDOWS\System32\sechost.dll
0x00007ff9086b0000 - 0x00007ff9087c7000 	C:\WINDOWS\System32\RPCRT4.dll
0x00007ff906cf0000 - 0x00007ff906d3d000 	C:\WINDOWS\SYSTEM32\POWRPROF.dll
0x00007ff8e3260000 - 0x00007ff8e3269000 	C:\WINDOWS\SYSTEM32\WSOCK32.dll
0x00007ff908880000 - 0x00007ff9088f1000 	C:\WINDOWS\System32\WS2_32.dll
0x00007ff8fe360000 - 0x00007ff8fe394000 	C:\WINDOWS\SYSTEM32\WINMM.dll
0x00007ff8fe3a0000 - 0x00007ff8fe3aa000 	C:\WINDOWS\SYSTEM32\VERSION.dll
0x00007ff906cd0000 - 0x00007ff906ce3000 	C:\WINDOWS\SYSTEM32\UMPDC.dll
0x00007ff905df0000 - 0x00007ff905e08000 	C:\WINDOWS\SYSTEM32\kernel.appcore.dll
0x00007ff8f3470000 - 0x00007ff8f347a000 	c:\Users\praja\.vscode\extensions\redhat.java-1.25.0-win32-x64\jre\17.0.9-win32-x86_64\bin\jimage.dll
0x00007ff8f3910000 - 0x00007ff8f3b43000 	C:\WINDOWS\SYSTEM32\DBGHELP.DLL
0x00007ff907810000 - 0x00007ff907b99000 	C:\WINDOWS\System32\combase.dll
0x00007ff909990000 - 0x00007ff909a67000 	C:\WINDOWS\System32\OLEAUT32.dll
0x00007ff8e95d0000 - 0x00007ff8e9602000 	C:\WINDOWS\SYSTEM32\dbgcore.DLL
0x00007ff9073d0000 - 0x00007ff90744a000 	C:\WINDOWS\System32\bcryptPrimitives.dll
0x00007ff8ec390000 - 0x00007ff8ec39e000 	c:\Users\praja\.vscode\extensions\redhat.java-1.25.0-win32-x64\jre\17.0.9-win32-x86_64\bin\instrument.dll
0x00007ff8d36c0000 - 0x00007ff8d36e5000 	c:\Users\praja\.vscode\extensions\redhat.java-1.25.0-win32-x64\jre\17.0.9-win32-x86_64\bin\java.dll
0x00007ff8d4020000 - 0x00007ff8d4038000 	c:\Users\praja\.vscode\extensions\redhat.java-1.25.0-win32-x64\jre\17.0.9-win32-x86_64\bin\zip.dll
0x00007ff907d60000 - 0x00007ff9085ba000 	C:\WINDOWS\System32\SHELL32.dll
0x00007ff904cf0000 - 0x00007ff9055e6000 	C:\WINDOWS\SYSTEM32\windows.storage.dll
0x00007ff904bb0000 - 0x00007ff904cee000 	C:\WINDOWS\SYSTEM32\wintypes.dll
0x00007ff908c00000 - 0x00007ff908cf3000 	C:\WINDOWS\System32\SHCORE.dll
0x00007ff908b90000 - 0x00007ff908bee000 	C:\WINDOWS\System32\shlwapi.dll
0x00007ff906d50000 - 0x00007ff906d76000 	C:\WINDOWS\SYSTEM32\profapi.dll
0x00007ff8d3e70000 - 0x00007ff8d3e89000 	C:\Users\praja\.vscode\extensions\redhat.java-1.25.0-win32-x64\jre\17.0.9-win32-x86_64\bin\net.dll
0x00007ff8fbcd0000 - 0x00007ff8fbe07000 	C:\WINDOWS\SYSTEM32\WINHTTP.dll
0x00007ff9062a0000 - 0x00007ff906309000 	C:\WINDOWS\system32\mswsock.dll
0x00007ff8d35e0000 - 0x00007ff8d35f6000 	C:\Users\praja\.vscode\extensions\redhat.java-1.25.0-win32-x64\jre\17.0.9-win32-x86_64\bin\nio.dll
0x00007ff8ec2f0000 - 0x00007ff8ec300000 	c:\Users\praja\.vscode\extensions\redhat.java-1.25.0-win32-x64\jre\17.0.9-win32-x86_64\bin\verify.dll

dbghelp: loaded successfully - version: 4.0.5 - missing functions: none
symbol engine: initialized successfully - sym options: 0x614 - pdb path: .;c:\Users\praja\.vscode\extensions\redhat.java-1.25.0-win32-x64\jre\17.0.9-win32-x86_64\bin;C:\WINDOWS\SYSTEM32;C:\WINDOWS\WinSxS\amd64_microsoft.windows.common-controls_6595b64144ccf1df_6.0.22621.2506_none_270c5ae97388e100;c:\Users\praja\.vscode\extensions\redhat.java-1.25.0-win32-x64\jre\17.0.9-win32-x86_64\bin\server

VM Arguments:
jvm_args: --add-modules=ALL-SYSTEM --add-opens=java.base/java.util=ALL-UNNAMED --add-opens=java.base/java.lang=ALL-UNNAMED --add-opens=java.base/sun.nio.fs=ALL-UNNAMED -Declipse.application=org.eclipse.jdt.ls.core.id1 -Dosgi.bundles.defaultStartLevel=4 -Declipse.product=org.eclipse.jdt.ls.core.product -Djava.import.generatesMetadataFilesAtProjectRoot=false -DDetectVMInstallationsJob.disabled=true -Dfile.encoding=utf8 -XX:+UseParallelGC -XX:GCTimeRatio=4 -XX:AdaptiveSizePolicyWeight=90 -Dsun.zip.disableMemoryMapping=true -Xmx1G -Xms100m -Xlog:disable -javaagent:c:\Users\praja\.vscode\extensions\redhat.java-1.25.0-win32-x64\lombok\lombok-1.18.30.jar -XX:+HeapDumpOnOutOfMemoryError -XX:HeapDumpPath=c:\Users\praja\AppData\Roaming\Code\User\workspaceStorage\af695a315766e8fe8ca17075b35fad3f\redhat.java -Daether.dependencyCollector.impl=bf 
java_command: c:\Users\praja\.vscode\extensions\redhat.java-1.25.0-win32-x64\server\plugins\org.eclipse.equinox.launcher_1.6.600.v20231012-1237.jar -configuration c:\Users\praja\AppData\Roaming\Code\User\globalStorage\redhat.java\1.25.0\config_win -data c:\Users\praja\AppData\Roaming\Code\User\workspaceStorage\af695a315766e8fe8ca17075b35fad3f\redhat.java\jdt_ws --stdio
java_class_path (initial): c:\Users\praja\.vscode\extensions\redhat.java-1.25.0-win32-x64\server\plugins\org.eclipse.equinox.launcher_1.6.600.v20231012-1237.jar
Launcher Type: SUN_STANDARD

[Global flags]
    uintx AdaptiveSizePolicyWeight                 = 90                                        {product} {command line}
     intx CICompilerCount                          = 3                                         {product} {ergonomic}
    uintx GCTimeRatio                              = 4                                         {product} {command line}
     bool HeapDumpOnOutOfMemoryError               = true                                   {manageable} {command line}
    ccstr HeapDumpPath                             = c:\Users\praja\AppData\Roaming\Code\User\workspaceStorage\af695a315766e8fe8ca17075b35fad3f\redhat.java         {manageable} {command line}
   size_t InitialHeapSize                          = 104857600                                 {product} {command line}
   size_t MaxHeapSize                              = 1073741824                                {product} {command line}
   size_t MaxNewSize                               = 357564416                                 {product} {ergonomic}
   size_t MinHeapDeltaBytes                        = 524288                                    {product} {ergonomic}
   size_t MinHeapSize                              = 104857600                                 {product} {command line}
   size_t NewSize                                  = 34603008                                  {product} {ergonomic}
    uintx NonNMethodCodeHeapSize                   = 5832780                                {pd product} {ergonomic}
    uintx NonProfiledCodeHeapSize                  = 122912730                              {pd product} {ergonomic}
   size_t OldSize                                  = 70254592                                  {product} {ergonomic}
    uintx ProfiledCodeHeapSize                     = 122912730                              {pd product} {ergonomic}
    uintx ReservedCodeCacheSize                    = 251658240                              {pd product} {ergonomic}
     bool SegmentedCodeCache                       = true                                      {product} {ergonomic}
   size_t SoftMaxHeapSize                          = 1073741824                             {manageable} {ergonomic}
     bool UseCompressedClassPointers               = true                           {product lp64_product} {ergonomic}
     bool UseCompressedOops                        = true                           {product lp64_product} {ergonomic}
     bool UseLargePagesIndividualAllocation        = false                                  {pd product} {ergonomic}
     bool UseParallelGC                            = true                                      {product} {command line}

Logging:
Log output configuration:
 #0: stdout all=off uptime,level,tags
 #1: stderr all=off uptime,level,tags

Environment Variables:
PATH=E:\WINDOWS.X64_193000_db_home\bin;C:\Program Files\Common Files\Oracle\Java\javapath;C:\Program Files (x86)\VMware\VMware Workstation\bin\;C:\Windows\System32;C:\WINDOWS\system32;C:\WINDOWS;C:\WINDOWS\System32\Wbem;C:\WINDOWS\System32\WindowsPowerShell\v1.0\;C:\WINDOWS\System32\OpenSSH\;C:\Program Files\dotnet\;C:\php-8.2.4;C:\Program Files\nodejs\;C:\ProgramData\chocolatey\bin;C:\Program Files\Java\jdk-21\bin;E:\Git\cmd;C:\apachemaven\apache-maven-3.9.6\bin;C:\Program Files\MySQL\MySQL Server 8.0\bin;C:\Program Files\MySQL\MySQL Shell 8.0\bin\;C:\Users\praja\AppData\Local\Programs\Python\Launcher\;C:\Users\praja\AppData\Local\Programs\Python\Python39\Scripts\;C:\Users\praja\AppData\Local\Programs\Python\Python39\;C:\Users\praja\AppData\Local\Programs\Python\Python310\Scripts\;C:\Users\praja\AppData\Local\Programs\Python\Python310\;C:\Users\praja\AppData\Local\Programs\Microsoft VS Code\bin;C:\MinGW\mingw32;C:\MinGW\bin;C:\Users\praja\AppData\Local\Microsoft\WindowsApps;C:\Program Files (x86)\MinGW;C:\Program Files (x86)\MinGW\mingw32;C:\Program Files (x86)\MinGW\bin;C:\Program Files\Java\jdk-20\bin;C:\php-8.2.4;C:\Users\praja\AppData\Roaming\npm
USERNAME=dprathod
OS=Windows_NT
PROCESSOR_IDENTIFIER=AMD64 Family 23 Model 24 Stepping 1, AuthenticAMD
TMP=C:\Users\praja\AppData\Local\Temp
TEMP=C:\Users\praja\AppData\Local\Temp



Periodic native trim disabled


---------------  S Y S T E M  ---------------

OS:
 Windows 11 , 64 bit Build 22621 (10.0.22621.2506)
OS uptime: 0 days 22:10 hours
Hyper-V role detected

CPU: total 4 (initial active 4) (4 cores per cpu, 2 threads per core) family 23 model 24 stepping 1 microcode 0x0, cx8, cmov, fxsr, ht, mmx, 3dnowpref, sse, sse2, sse3, ssse3, sse4a, sse4.1, sse4.2, popcnt, lzcnt, tsc, tscinvbit, avx, avx2, aes, clmul, bmi1, bmi2, adx, sha, fma, vzeroupper, clflush, clflushopt, hv
Processor Information for all 4 processors :
  Max Mhz: 2600, Current Mhz: 2600, Mhz Limit: 2600

Memory: 4k page, system-wide physical 6086M (747M free)
TotalPageFile size 9834M (AvailPageFile size 0M)
current process WorkingSet (physical memory assigned to process): 55M, peak: 55M
current process commit charge ("private bytes"): 181M, peak: 181M

vm_info: OpenJDK 64-Bit Server VM (17.0.9+9) for windows-amd64 JRE (17.0.9+9), built on Oct 26 2023 14:01:42 by "admin" with MS VC++ 16.10 / 16.11 (VS2019)

END.
