#
# There is insufficient memory for the Java Runtime Environment to continue.
# Native memory allocation (malloc) failed to allocate 2149776 bytes for Chunk::new
# Possible reasons:
#   The system is out of physical RAM or swap space
#   The process is running with CompressedOops enabled, and the Java Heap may be blocking the growth of the native heap
# Possible solutions:
#   Reduce memory load on the system
#   Increase physical memory or swap space
#   Check if swap backing store is full
#   Decrease Java heap size (-Xmx/-Xms)
#   Decrease number of Java threads
#   Decrease Java thread stack sizes (-Xss)
#   Set larger code cache with -XX:ReservedCodeCacheSize=
#   JVM is running with Unscaled Compressed Oops mode in which the Java heap is
#     placed in the first 4GB address space. The Java Heap base address is the
#     maximum limit for the native heap growth. Please use -XX:HeapBaseMinAddress
#     to set the Java Heap base and to place the Java Heap above 4GB virtual address.
# This output file may be truncated or incomplete.
#
#  Out of Memory Error (arena.cpp:191), pid=11020, tid=6948
#
# JRE version: OpenJDK Runtime Environment Temurin-17.0.9+9 (17.0.9+9) (build 17.0.9+9)
# Java VM: OpenJDK 64-Bit Server VM Temurin-17.0.9+9 (17.0.9+9, mixed mode, tiered, compressed oops, compressed class ptrs, parallel gc, windows-amd64)
# No core dump will be written. Minidumps are not enabled by default on client versions of Windows
#

---------------  S U M M A R Y ------------

Command Line: --add-modules=ALL-SYSTEM --add-opens=java.base/java.util=ALL-UNNAMED --add-opens=java.base/java.lang=ALL-UNNAMED --add-opens=java.base/sun.nio.fs=ALL-UNNAMED -Declipse.application=org.eclipse.jdt.ls.core.id1 -Dosgi.bundles.defaultStartLevel=4 -Declipse.product=org.eclipse.jdt.ls.core.product -Djava.import.generatesMetadataFilesAtProjectRoot=false -DDetectVMInstallationsJob.disabled=true -Dfile.encoding=utf8 -XX:+UseParallelGC -XX:GCTimeRatio=4 -XX:AdaptiveSizePolicyWeight=90 -Dsun.zip.disableMemoryMapping=true -Xmx1G -Xms100m -Xlog:disable -javaagent:c:\Users\praja\.vscode\extensions\redhat.java-1.25.0-win32-x64\lombok\lombok-1.18.30.jar -XX:+HeapDumpOnOutOfMemoryError -XX:HeapDumpPath=c:\Users\praja\AppData\Roaming\Code\User\workspaceStorage\af695a315766e8fe8ca17075b35fad3f\redhat.java -Daether.dependencyCollector.impl=bf c:\Users\praja\.vscode\extensions\redhat.java-1.25.0-win32-x64\server\plugins\org.eclipse.equinox.launcher_1.6.600.v20231012-1237.jar -configuration c:\Users\praja\AppData\Roaming\Code\User\globalStorage\redhat.java\1.25.0\config_win -data c:\Users\praja\AppData\Roaming\Code\User\workspaceStorage\af695a315766e8fe8ca17075b35fad3f\redhat.java\jdt_ws --stdio

Host: AMD Ryzen 3 3250U with Radeon Graphics         , 4 cores, 5G,  Windows 11 , 64 bit Build 22621 (10.0.22621.2506)
Time: Mon Dec 18 19:52:45 2023 India Standard Time elapsed time: 72.021190 seconds (0d 0h 1m 12s)

---------------  T H R E A D  ---------------

Current thread (0x000001c725b3be40):  JavaThread "C2 CompilerThread0" daemon [_thread_in_native, id=6948, stack(0x0000002a78800000,0x0000002a78900000)]


Current CompileTask:
C2:  72021 3652       4       org.apache.felix.resolver.ResolverImpl::mergeUses (495 bytes)

Stack: [0x0000002a78800000,0x0000002a78900000]
Native frames: (J=compiled Java code, j=interpreted, Vv=VM code, C=native code)
V  [jvm.dll+0x67cf49]
V  [jvm.dll+0x83478a]
V  [jvm.dll+0x83624e]
V  [jvm.dll+0x8368b3]
V  [jvm.dll+0x247f1f]
V  [jvm.dll+0xac43c]
V  [jvm.dll+0xaca8c]
V  [jvm.dll+0x367012]
V  [jvm.dll+0x3313ba]
V  [jvm.dll+0x33085a]
V  [jvm.dll+0x21a5b1]
V  [jvm.dll+0x2199d1]
V  [jvm.dll+0x1a57cd]
V  [jvm.dll+0x2297ae]
V  [jvm.dll+0x22797c]
V  [jvm.dll+0x7e9877]
V  [jvm.dll+0x7e3c3a]
V  [jvm.dll+0x67be35]
C  [ucrtbase.dll+0x29363]
C  [KERNEL32.DLL+0x1257d]
C  [ntdll.dll+0x5aa58]


---------------  P R O C E S S  ---------------

Threads class SMR info:
_java_thread_list=0x000001c72b190980, length=22, elements={
0x000001c711cd0b10, 0x000001c725b07020, 0x000001c725b078f0, 0x000001c725b37310,
0x000001c725b37be0, 0x000001c725b386b0, 0x000001c725b39180, 0x000001c725b3be40,
0x000001c72ad03b20, 0x000001c72ad0a810, 0x000001c72ad8ee30, 0x000001c72afd2fe0,
0x000001c72afcf120, 0x000001c72b84fdf0, 0x000001c72b8513c0, 0x000001c72b7ee6c0,
0x000001c72b8b53e0, 0x000001c72b8b58f0, 0x000001c72b8b5e00, 0x000001c72b8b7240,
0x000001c72b8b7750, 0x000001c72b8b6310
}

Java Threads: ( => current thread )
  0x000001c711cd0b10 JavaThread "main" [_thread_blocked, id=14588, stack(0x0000002a77f00000,0x0000002a78000000)]
  0x000001c725b07020 JavaThread "Reference Handler" daemon [_thread_blocked, id=13624, stack(0x0000002a78200000,0x0000002a78300000)]
  0x000001c725b078f0 JavaThread "Finalizer" daemon [_thread_blocked, id=14096, stack(0x0000002a78300000,0x0000002a78400000)]
  0x000001c725b37310 JavaThread "Signal Dispatcher" daemon [_thread_blocked, id=12204, stack(0x0000002a78400000,0x0000002a78500000)]
  0x000001c725b37be0 JavaThread "Attach Listener" daemon [_thread_blocked, id=2100, stack(0x0000002a78500000,0x0000002a78600000)]
  0x000001c725b386b0 JavaThread "Service Thread" daemon [_thread_blocked, id=3316, stack(0x0000002a78600000,0x0000002a78700000)]
  0x000001c725b39180 JavaThread "Monitor Deflation Thread" daemon [_thread_blocked, id=15168, stack(0x0000002a78700000,0x0000002a78800000)]
=>0x000001c725b3be40 JavaThread "C2 CompilerThread0" daemon [_thread_in_native, id=6948, stack(0x0000002a78800000,0x0000002a78900000)]
  0x000001c72ad03b20 JavaThread "C1 CompilerThread0" daemon [_thread_blocked, id=5960, stack(0x0000002a78900000,0x0000002a78a00000)]
  0x000001c72ad0a810 JavaThread "Sweeper thread" daemon [_thread_blocked, id=6296, stack(0x0000002a78a00000,0x0000002a78b00000)]
  0x000001c72ad8ee30 JavaThread "Common-Cleaner" daemon [_thread_blocked, id=6244, stack(0x0000002a78b00000,0x0000002a78c00000)]
  0x000001c72afd2fe0 JavaThread "Notification Thread" daemon [_thread_blocked, id=8424, stack(0x0000002a78c00000,0x0000002a78d00000)]
  0x000001c72afcf120 JavaThread "Active Thread: Equinox Container: 1c151b39-a260-416f-bfcf-abced1733e18" [_thread_blocked, id=1048, stack(0x0000002a79500000,0x0000002a79600000)]
  0x000001c72b84fdf0 JavaThread "Framework Event Dispatcher: Equinox Container: 1c151b39-a260-416f-bfcf-abced1733e18" daemon [_thread_blocked, id=8016, stack(0x0000002a79100000,0x0000002a79200000)]
  0x000001c72b8513c0 JavaThread "Start Level: Equinox Container: 1c151b39-a260-416f-bfcf-abced1733e18" daemon [_thread_in_vm, id=17272, stack(0x0000002a79200000,0x0000002a79300000)]
  0x000001c72b7ee6c0 JavaThread "Refresh Thread: Equinox Container: 1c151b39-a260-416f-bfcf-abced1733e18" daemon [_thread_blocked, id=16684, stack(0x0000002a79300000,0x0000002a79400000)]
  0x000001c72b8b53e0 JavaThread "Bundle File Closer" daemon [_thread_blocked, id=7796, stack(0x0000002a79400000,0x0000002a79500000)]
  0x000001c72b8b58f0 JavaThread "SCR Component Actor" daemon [_thread_blocked, id=13072, stack(0x0000002a77d00000,0x0000002a77e00000)]
  0x000001c72b8b5e00 JavaThread "SCR Component Registry" daemon [_thread_blocked, id=4296, stack(0x0000002a79600000,0x0000002a79700000)]
  0x000001c72b8b7240 JavaThread "Worker-JM" [_thread_blocked, id=15672, stack(0x0000002a79700000,0x0000002a79800000)]
  0x000001c72b8b7750 JavaThread "Worker-0: Checking project encoding" [_thread_blocked, id=15808, stack(0x0000002a79800000,0x0000002a79900000)]
  0x000001c72b8b6310 JavaThread "Worker-1" [_thread_blocked, id=11296, stack(0x0000002a79900000,0x0000002a79a00000)]

Other Threads:
  0x000001c725af0ab0 VMThread "VM Thread" [stack: 0x0000002a78100000,0x0000002a78200000] [id=10416]
  0x000001c72afbe7c0 WatcherThread [stack: 0x0000002a78d00000,0x0000002a78e00000] [id=17116]
  0x000001c711ce4280 GCTaskThread "GC Thread#0" [stack: 0x0000002a78000000,0x0000002a78100000] [id=9088]
  0x000001c72b2ca790 GCTaskThread "GC Thread#1" [stack: 0x0000002a78e00000,0x0000002a78f00000] [id=16796]
  0x000001c72b2cb290 GCTaskThread "GC Thread#2" [stack: 0x0000002a78f00000,0x0000002a79000000] [id=10768]
  0x000001c72b2cad10 GCTaskThread "GC Thread#3" [stack: 0x0000002a79000000,0x0000002a79100000] [id=12072]

Threads with active compile tasks:
C2 CompilerThread0    72107 3652       4       org.apache.felix.resolver.ResolverImpl::mergeUses (495 bytes)

VM state: not at safepoint (normal execution)

VM Mutex/Monitor currently owned by a thread:  ([mutex/lock_event])
[0x000001c711ccdbf0] AdapterHandlerLibrary_lock - owner thread: 0x0000000000000000

Heap address: 0x00000000c0000000, size: 1024 MB, Compressed Oops mode: 32-bit

CDS archive(s) not mapped
Compressed class space mapped at: 0x0000000100000000-0x0000000140000000, reserved size: 1073741824
Narrow klass base: 0x0000000000000000, Narrow klass shift: 3, Narrow klass range: 0x140000000

GC Precious Log:
 CPUs: 4 total, 4 available
 Memory: 6086M
 Large Page Support: Disabled
 NUMA Support: Disabled
 Compressed Oops: Enabled (32-bit)
 Alignments: Space 512K, Generation 512K, Heap 2M
 Heap Min Capacity: 100M
 Heap Initial Capacity: 100M
 Heap Max Capacity: 1G
 Pre-touch: Disabled
 Parallel Workers: 4

Heap:
 PSYoungGen      total 26112K, used 15129K [0x00000000eab00000, 0x00000000eca00000, 0x0000000100000000)
  eden space 24576K, 55% used [0x00000000eab00000,0x00000000eb864730,0x00000000ec300000)
  from space 1536K, 92% used [0x00000000ec400000,0x00000000ec562028,0x00000000ec580000)
  to   space 3072K, 0% used [0x00000000ec700000,0x00000000ec700000,0x00000000eca00000)
 ParOldGen       total 68608K, used 11097K [0x00000000c0000000, 0x00000000c4300000, 0x00000000eab00000)
  object space 68608K, 16% used [0x00000000c0000000,0x00000000c0ad67d0,0x00000000c4300000)
 Metaspace       used 26233K, committed 26752K, reserved 1114112K
  class space    used 2654K, committed 2944K, reserved 1048576K

Card table byte_map: [0x000001c711660000,0x000001c711870000] _byte_map_base: 0x000001c711060000

Marking Bits: (ParMarkBitMap*) 0x00007ffe86c9d0b0
 Begin Bits: [0x000001c723960000, 0x000001c724960000)
 End Bits:   [0x000001c724960000, 0x000001c725960000)

Polling page: 0x000001c70fc60000

Metaspace:

Usage:
  Non-class:     23.03 MB used.
      Class:      2.59 MB used.
       Both:     25.62 MB used.

Virtual space:
  Non-class space:       64.00 MB reserved,      23.25 MB ( 36%) committed,  1 nodes.
      Class space:        1.00 GB reserved,       2.88 MB ( <1%) committed,  1 nodes.
             Both:        1.06 GB reserved,      26.12 MB (  2%) committed. 

Chunk freelists:
   Non-Class:  8.25 MB
       Class:  12.98 MB
        Both:  21.23 MB

MaxMetaspaceSize: unlimited
CompressedClassSpaceSize: 1.00 GB
Initial GC threshold: 21.00 MB
Current GC threshold: 35.00 MB
CDS: off
MetaspaceReclaimPolicy: balanced
 - commit_granule_bytes: 65536.
 - commit_granule_words: 8192.
 - virtual_space_node_default_size: 8388608.
 - enlarge_chunks_in_place: 1.
 - new_chunks_are_fully_committed: 0.
 - uncommit_free_chunks: 1.
 - use_allocation_guard: 0.
 - handle_deallocations: 1.


Internal statistics:

num_allocs_failed_limit: 3.
num_arena_births: 302.
num_arena_deaths: 0.
num_vsnodes_births: 2.
num_vsnodes_deaths: 0.
num_space_committed: 418.
num_space_uncommitted: 0.
num_chunks_returned_to_freelist: 3.
num_chunks_taken_from_freelist: 958.
num_chunk_merges: 3.
num_chunk_splits: 634.
num_chunks_enlarged: 454.
num_inconsistent_stats: 0.

CodeHeap 'non-profiled nmethods': size=120000Kb used=1705Kb max_used=1705Kb free=118294Kb
 bounds [0x000001c71c430000, 0x000001c71c6a0000, 0x000001c723960000]
CodeHeap 'profiled nmethods': size=120000Kb used=8254Kb max_used=8254Kb free=111745Kb
 bounds [0x000001c714960000, 0x000001c715170000, 0x000001c71be90000]
CodeHeap 'non-nmethods': size=5760Kb used=1208Kb max_used=1232Kb free=4551Kb
 bounds [0x000001c71be90000, 0x000001c71c100000, 0x000001c71c430000]
 total_blobs=4306 nmethods=3793 adapters=427
 compilation: enabled
              stopped_count=0, restarted_count=0
 full_count=0

Compilation events (20 events):
Event: 71.599 Thread 0x000001c72ad03b20 nmethod 3801 0x000001c715162210 code [0x000001c715162420, 0x000001c715162c08]
Event: 71.602 Thread 0x000001c72bb27840 nmethod 3798 0x000001c71c5d3110 code [0x000001c71c5d3320, 0x000001c71c5d3bd0]
Event: 71.604 Thread 0x000001c72bb27840 3800       4       java.util.Collections$EmptyList::iterator (4 bytes)
Event: 71.605 Thread 0x000001c72bb27840 nmethod 3800 0x000001c71c5d4490 code [0x000001c71c5d4600, 0x000001c71c5d4678]
Event: 71.643 Thread 0x000001c72bb27840 3803       4       java.util.zip.ZipCoder::hash (36 bytes)
Event: 71.656 Thread 0x000001c72bb27840 nmethod 3803 0x000001c71c5d4790 code [0x000001c71c5d4920, 0x000001c71c5d4b88]
Event: 71.662 Thread 0x000001c72ad03b20 3804       3       java.lang.reflect.Method::<init> (68 bytes)
Event: 71.663 Thread 0x000001c72ad03b20 nmethod 3804 0x000001c715162e90 code [0x000001c715163040, 0x000001c715163358]
Event: 71.666 Thread 0x000001c72bb27840 3805 %     4       java.util.zip.ZipFile$Source::initCEN @ 240 (591 bytes)
Event: 71.860 Thread 0x000001c72ad03b20 3806       3       java.lang.invoke.MethodType::changeReturnType (20 bytes)
Event: 71.861 Thread 0x000001c72ad03b20 nmethod 3806 0x000001c715163490 code [0x000001c715163640, 0x000001c715163808]
Event: 71.868 Thread 0x000001c72ad03b20 3807       3       java.lang.invoke.MethodHandles$Lookup::findBoundCallerLookup (30 bytes)
Event: 71.869 Thread 0x000001c72ad03b20 nmethod 3807 0x000001c715163890 code [0x000001c715163aa0, 0x000001c715164238]
Event: 71.869 Thread 0x000001c72ad03b20 3808       3       java.lang.invoke.MethodHandles$Lookup::getDirectMethodCommon (280 bytes)
Event: 71.873 Thread 0x000001c72ad03b20 nmethod 3808 0x000001c715164490 code [0x000001c7151647a0, 0x000001c715165818]
Event: 71.873 Thread 0x000001c72ad03b20 3809       3       java.lang.invoke.MethodHandles$Lookup::checkMethod (87 bytes)
Event: 71.874 Thread 0x000001c72ad03b20 nmethod 3809 0x000001c715165e10 code [0x000001c715166020, 0x000001c715166798]
Event: 71.920 Thread 0x000001c72bb27840 nmethod 3805% 0x000001c71c5d4d90 code [0x000001c71c5d5080, 0x000001c71c5d7ff0]
Event: 71.956 Thread 0x000001c72ad03b20 3810       3       java.lang.ThreadLocal$ThreadLocalMap::getEntryAfterMiss (59 bytes)
Event: 71.957 Thread 0x000001c72ad03b20 nmethod 3810 0x000001c715166a10 code [0x000001c715166c00, 0x000001c715167208]

GC Heap History (16 events):
Event: 5.015 GC heap before
{Heap before GC invocations=1 (full 0):
 PSYoungGen      total 29696K, used 25600K [0x00000000eab00000, 0x00000000ecc00000, 0x0000000100000000)
  eden space 25600K, 100% used [0x00000000eab00000,0x00000000ec400000,0x00000000ec400000)
  from space 4096K, 0% used [0x00000000ec800000,0x00000000ec800000,0x00000000ecc00000)
  to   space 4096K, 0% used [0x00000000ec400000,0x00000000ec400000,0x00000000ec800000)
 ParOldGen       total 68608K, used 0K [0x00000000c0000000, 0x00000000c4300000, 0x00000000eab00000)
  object space 68608K, 0% used [0x00000000c0000000,0x00000000c0000000,0x00000000c4300000)
 Metaspace       used 11165K, committed 11328K, reserved 1114112K
  class space    used 1121K, committed 1216K, reserved 1048576K
}
Event: 5.082 GC heap after
{Heap after GC invocations=1 (full 0):
 PSYoungGen      total 29696K, used 3139K [0x00000000eab00000, 0x00000000ecc00000, 0x0000000100000000)
  eden space 25600K, 0% used [0x00000000eab00000,0x00000000eab00000,0x00000000ec400000)
  from space 4096K, 76% used [0x00000000ec400000,0x00000000ec710c28,0x00000000ec800000)
  to   space 4096K, 0% used [0x00000000ec800000,0x00000000ec800000,0x00000000ecc00000)
 ParOldGen       total 68608K, used 0K [0x00000000c0000000, 0x00000000c4300000, 0x00000000eab00000)
  object space 68608K, 0% used [0x00000000c0000000,0x00000000c0000000,0x00000000c4300000)
 Metaspace       used 11165K, committed 11328K, reserved 1114112K
  class space    used 1121K, committed 1216K, reserved 1048576K
}
Event: 31.413 GC heap before
{Heap before GC invocations=2 (full 0):
 PSYoungGen      total 29696K, used 28739K [0x00000000eab00000, 0x00000000ecc00000, 0x0000000100000000)
  eden space 25600K, 100% used [0x00000000eab00000,0x00000000ec400000,0x00000000ec400000)
  from space 4096K, 76% used [0x00000000ec400000,0x00000000ec710c28,0x00000000ec800000)
  to   space 4096K, 0% used [0x00000000ec800000,0x00000000ec800000,0x00000000ecc00000)
 ParOldGen       total 68608K, used 0K [0x00000000c0000000, 0x00000000c4300000, 0x00000000eab00000)
  object space 68608K, 0% used [0x00000000c0000000,0x00000000c0000000,0x00000000c4300000)
 Metaspace       used 14116K, committed 14272K, reserved 1114112K
  class space    used 1412K, committed 1472K, reserved 1048576K
}
Event: 31.425 GC heap after
{Heap after GC invocations=2 (full 0):
 PSYoungGen      total 29696K, used 4084K [0x00000000eab00000, 0x00000000ecc00000, 0x0000000100000000)
  eden space 25600K, 0% used [0x00000000eab00000,0x00000000eab00000,0x00000000ec400000)
  from space 4096K, 99% used [0x00000000ec800000,0x00000000ecbfd048,0x00000000ecc00000)
  to   space 4096K, 0% used [0x00000000ec400000,0x00000000ec400000,0x00000000ec800000)
 ParOldGen       total 68608K, used 940K [0x00000000c0000000, 0x00000000c4300000, 0x00000000eab00000)
  object space 68608K, 1% used [0x00000000c0000000,0x00000000c00eb350,0x00000000c4300000)
 Metaspace       used 14116K, committed 14272K, reserved 1114112K
  class space    used 1412K, committed 1472K, reserved 1048576K
}
Event: 34.435 GC heap before
{Heap before GC invocations=3 (full 0):
 PSYoungGen      total 29696K, used 29684K [0x00000000eab00000, 0x00000000ecc00000, 0x0000000100000000)
  eden space 25600K, 100% used [0x00000000eab00000,0x00000000ec400000,0x00000000ec400000)
  from space 4096K, 99% used [0x00000000ec800000,0x00000000ecbfd048,0x00000000ecc00000)
  to   space 4096K, 0% used [0x00000000ec400000,0x00000000ec400000,0x00000000ec800000)
 ParOldGen       total 68608K, used 940K [0x00000000c0000000, 0x00000000c4300000, 0x00000000eab00000)
  object space 68608K, 1% used [0x00000000c0000000,0x00000000c00eb350,0x00000000c4300000)
 Metaspace       used 14587K, committed 14720K, reserved 1114112K
  class space    used 1445K, committed 1536K, reserved 1048576K
}
Event: 34.458 GC heap after
{Heap after GC invocations=3 (full 0):
 PSYoungGen      total 29696K, used 4081K [0x00000000eab00000, 0x00000000ecc00000, 0x0000000100000000)
  eden space 25600K, 0% used [0x00000000eab00000,0x00000000eab00000,0x00000000ec400000)
  from space 4096K, 99% used [0x00000000ec400000,0x00000000ec7fc4d0,0x00000000ec800000)
  to   space 4096K, 0% used [0x00000000ec800000,0x00000000ec800000,0x00000000ecc00000)
 ParOldGen       total 68608K, used 7496K [0x00000000c0000000, 0x00000000c4300000, 0x00000000eab00000)
  object space 68608K, 10% used [0x00000000c0000000,0x00000000c0752280,0x00000000c4300000)
 Metaspace       used 14587K, committed 14720K, reserved 1114112K
  class space    used 1445K, committed 1536K, reserved 1048576K
}
Event: 52.065 GC heap before
{Heap before GC invocations=4 (full 0):
 PSYoungGen      total 29696K, used 29671K [0x00000000eab00000, 0x00000000ecc00000, 0x0000000100000000)
  eden space 25600K, 99% used [0x00000000eab00000,0x00000000ec3fdad0,0x00000000ec400000)
  from space 4096K, 99% used [0x00000000ec400000,0x00000000ec7fc4d0,0x00000000ec800000)
  to   space 4096K, 0% used [0x00000000ec800000,0x00000000ec800000,0x00000000ecc00000)
 ParOldGen       total 68608K, used 7496K [0x00000000c0000000, 0x00000000c4300000, 0x00000000eab00000)
  object space 68608K, 10% used [0x00000000c0000000,0x00000000c0752280,0x00000000c4300000)
 Metaspace       used 16989K, committed 17280K, reserved 1114112K
  class space    used 1694K, committed 1856K, reserved 1048576K
}
Event: 52.076 GC heap after
{Heap after GC invocations=4 (full 0):
 PSYoungGen      total 29696K, used 4084K [0x00000000eab00000, 0x00000000ecc00000, 0x0000000100000000)
  eden space 25600K, 0% used [0x00000000eab00000,0x00000000eab00000,0x00000000ec400000)
  from space 4096K, 99% used [0x00000000ec800000,0x00000000ecbfd278,0x00000000ecc00000)
  to   space 4096K, 0% used [0x00000000ec400000,0x00000000ec400000,0x00000000ec800000)
 ParOldGen       total 68608K, used 9720K [0x00000000c0000000, 0x00000000c4300000, 0x00000000eab00000)
  object space 68608K, 14% used [0x00000000c0000000,0x00000000c097e2f8,0x00000000c4300000)
 Metaspace       used 16989K, committed 17280K, reserved 1114112K
  class space    used 1694K, committed 1856K, reserved 1048576K
}
Event: 67.398 GC heap before
{Heap before GC invocations=5 (full 0):
 PSYoungGen      total 29696K, used 29684K [0x00000000eab00000, 0x00000000ecc00000, 0x0000000100000000)
  eden space 25600K, 100% used [0x00000000eab00000,0x00000000ec400000,0x00000000ec400000)
  from space 4096K, 99% used [0x00000000ec800000,0x00000000ecbfd278,0x00000000ecc00000)
  to   space 4096K, 0% used [0x00000000ec400000,0x00000000ec400000,0x00000000ec800000)
 ParOldGen       total 68608K, used 9720K [0x00000000c0000000, 0x00000000c4300000, 0x00000000eab00000)
  object space 68608K, 14% used [0x00000000c0000000,0x00000000c097e2f8,0x00000000c4300000)
 Metaspace       used 20352K, committed 20672K, reserved 1114112K
  class space    used 2048K, committed 2240K, reserved 1048576K
}
Event: 67.408 GC heap after
{Heap after GC invocations=5 (full 0):
 PSYoungGen      total 29184K, used 4072K [0x00000000eab00000, 0x00000000ecf80000, 0x0000000100000000)
  eden space 25088K, 0% used [0x00000000eab00000,0x00000000eab00000,0x00000000ec380000)
  from space 4096K, 99% used [0x00000000ec400000,0x00000000ec7fa058,0x00000000ec800000)
  to   space 6144K, 0% used [0x00000000ec980000,0x00000000ec980000,0x00000000ecf80000)
 ParOldGen       total 68608K, used 11157K [0x00000000c0000000, 0x00000000c4300000, 0x00000000eab00000)
  object space 68608K, 16% used [0x00000000c0000000,0x00000000c0ae57e8,0x00000000c4300000)
 Metaspace       used 20352K, committed 20672K, reserved 1114112K
  class space    used 2048K, committed 2240K, reserved 1048576K
}
Event: 67.909 GC heap before
{Heap before GC invocations=6 (full 0):
 PSYoungGen      total 29184K, used 8308K [0x00000000eab00000, 0x00000000ecf80000, 0x0000000100000000)
  eden space 25088K, 16% used [0x00000000eab00000,0x00000000eaf23288,0x00000000ec380000)
  from space 4096K, 99% used [0x00000000ec400000,0x00000000ec7fa058,0x00000000ec800000)
  to   space 6144K, 0% used [0x00000000ec980000,0x00000000ec980000,0x00000000ecf80000)
 ParOldGen       total 68608K, used 11157K [0x00000000c0000000, 0x00000000c4300000, 0x00000000eab00000)
  object space 68608K, 16% used [0x00000000c0000000,0x00000000c0ae57e8,0x00000000c4300000)
 Metaspace       used 21160K, committed 21504K, reserved 1114112K
  class space    used 2114K, committed 2304K, reserved 1048576K
}
Event: 67.915 GC heap after
{Heap after GC invocations=6 (full 0):
 PSYoungGen      total 29696K, used 4390K [0x00000000eab00000, 0x00000000ece00000, 0x0000000100000000)
  eden space 25088K, 0% used [0x00000000eab00000,0x00000000eab00000,0x00000000ec380000)
  from space 4608K, 95% used [0x00000000ec980000,0x00000000ecdc9b50,0x00000000ece00000)
  to   space 5120K, 0% used [0x00000000ec400000,0x00000000ec400000,0x00000000ec900000)
 ParOldGen       total 68608K, used 11157K [0x00000000c0000000, 0x00000000c4300000, 0x00000000eab00000)
  object space 68608K, 16% used [0x00000000c0000000,0x00000000c0ae57e8,0x00000000c4300000)
 Metaspace       used 21160K, committed 21504K, reserved 1114112K
  class space    used 2114K, committed 2304K, reserved 1048576K
}
Event: 67.915 GC heap before
{Heap before GC invocations=7 (full 1):
 PSYoungGen      total 29696K, used 4390K [0x00000000eab00000, 0x00000000ece00000, 0x0000000100000000)
  eden space 25088K, 0% used [0x00000000eab00000,0x00000000eab00000,0x00000000ec380000)
  from space 4608K, 95% used [0x00000000ec980000,0x00000000ecdc9b50,0x00000000ece00000)
  to   space 5120K, 0% used [0x00000000ec400000,0x00000000ec400000,0x00000000ec900000)
 ParOldGen       total 68608K, used 11157K [0x00000000c0000000, 0x00000000c4300000, 0x00000000eab00000)
  object space 68608K, 16% used [0x00000000c0000000,0x00000000c0ae57e8,0x00000000c4300000)
 Metaspace       used 21160K, committed 21504K, reserved 1114112K
  class space    used 2114K, committed 2304K, reserved 1048576K
}
Event: 67.956 GC heap after
{Heap after GC invocations=7 (full 1):
 PSYoungGen      total 29696K, used 0K [0x00000000eab00000, 0x00000000ece00000, 0x0000000100000000)
  eden space 25088K, 0% used [0x00000000eab00000,0x00000000eab00000,0x00000000ec380000)
  from space 4608K, 0% used [0x00000000ec980000,0x00000000ec980000,0x00000000ece00000)
  to   space 5120K, 0% used [0x00000000ec400000,0x00000000ec400000,0x00000000ec900000)
 ParOldGen       total 68608K, used 11089K [0x00000000c0000000, 0x00000000c4300000, 0x00000000eab00000)
  object space 68608K, 16% used [0x00000000c0000000,0x00000000c0ad47d0,0x00000000c4300000)
 Metaspace       used 21160K, committed 21504K, reserved 1114112K
  class space    used 2114K, committed 2304K, reserved 1048576K
}
Event: 71.022 GC heap before
{Heap before GC invocations=8 (full 1):
 PSYoungGen      total 29696K, used 25088K [0x00000000eab00000, 0x00000000ece00000, 0x0000000100000000)
  eden space 25088K, 100% used [0x00000000eab00000,0x00000000ec380000,0x00000000ec380000)
  from space 4608K, 0% used [0x00000000ec980000,0x00000000ec980000,0x00000000ece00000)
  to   space 5120K, 0% used [0x00000000ec400000,0x00000000ec400000,0x00000000ec900000)
 ParOldGen       total 68608K, used 11089K [0x00000000c0000000, 0x00000000c4300000, 0x00000000eab00000)
  object space 68608K, 16% used [0x00000000c0000000,0x00000000c0ad47d0,0x00000000c4300000)
 Metaspace       used 24710K, committed 25152K, reserved 1114112K
  class space    used 2486K, committed 2688K, reserved 1048576K
}
Event: 71.029 GC heap after
{Heap after GC invocations=8 (full 1):
 PSYoungGen      total 26112K, used 1416K [0x00000000eab00000, 0x00000000eca00000, 0x0000000100000000)
  eden space 24576K, 0% used [0x00000000eab00000,0x00000000eab00000,0x00000000ec300000)
  from space 1536K, 92% used [0x00000000ec400000,0x00000000ec562028,0x00000000ec580000)
  to   space 3072K, 0% used [0x00000000ec700000,0x00000000ec700000,0x00000000eca00000)
 ParOldGen       total 68608K, used 11097K [0x00000000c0000000, 0x00000000c4300000, 0x00000000eab00000)
  object space 68608K, 16% used [0x00000000c0000000,0x00000000c0ad67d0,0x00000000c4300000)
 Metaspace       used 24710K, committed 25152K, reserved 1114112K
  class space    used 2486K, committed 2688K, reserved 1048576K
}

Dll operation events (11 events):
Event: 0.037 Loaded shared library c:\Users\praja\.vscode\extensions\redhat.java-1.25.0-win32-x64\jre\17.0.9-win32-x86_64\bin\java.dll
Event: 0.753 Loaded shared library c:\Users\praja\.vscode\extensions\redhat.java-1.25.0-win32-x64\jre\17.0.9-win32-x86_64\bin\zip.dll
Event: 0.761 Loaded shared library C:\Users\praja\.vscode\extensions\redhat.java-1.25.0-win32-x64\jre\17.0.9-win32-x86_64\bin\instrument.dll
Event: 0.799 Loaded shared library C:\Users\praja\.vscode\extensions\redhat.java-1.25.0-win32-x64\jre\17.0.9-win32-x86_64\bin\net.dll
Event: 0.802 Loaded shared library C:\Users\praja\.vscode\extensions\redhat.java-1.25.0-win32-x64\jre\17.0.9-win32-x86_64\bin\nio.dll
Event: 0.824 Loaded shared library C:\Users\praja\.vscode\extensions\redhat.java-1.25.0-win32-x64\jre\17.0.9-win32-x86_64\bin\zip.dll
Event: 0.889 Loaded shared library C:\Users\praja\.vscode\extensions\redhat.java-1.25.0-win32-x64\jre\17.0.9-win32-x86_64\bin\jimage.dll
Event: 1.365 Loaded shared library c:\Users\praja\.vscode\extensions\redhat.java-1.25.0-win32-x64\jre\17.0.9-win32-x86_64\bin\verify.dll
Event: 33.325 Loaded shared library C:\Users\praja\AppData\Roaming\Code\User\globalStorage\redhat.java\1.25.0\config_win\org.eclipse.equinox.launcher\org.eclipse.equinox.launcher.win32.win32.x86_64_1.2.800.v20231003-1442\eclipse_11802.dll
Event: 69.274 Loaded shared library C:\Users\praja\.vscode\extensions\redhat.java-1.25.0-win32-x64\jre\17.0.9-win32-x86_64\bin\management.dll
Event: 69.293 Loaded shared library C:\Users\praja\.vscode\extensions\redhat.java-1.25.0-win32-x64\jre\17.0.9-win32-x86_64\bin\management_ext.dll

Deoptimization events (20 events):
Event: 71.410 Thread 0x000001c72b8513c0 DEOPT PACKING pc=0x000001c714e6196f sp=0x0000002a792f1b10
Event: 71.410 Thread 0x000001c72b8513c0 DEOPT UNPACKING pc=0x000001c71bee6e43 sp=0x0000002a792f1020 mode 0
Event: 71.515 Thread 0x000001c72b8513c0 DEOPT PACKING pc=0x000001c714e6196f sp=0x0000002a792f19d0
Event: 71.515 Thread 0x000001c72b8513c0 DEOPT UNPACKING pc=0x000001c71bee6e43 sp=0x0000002a792f0ee0 mode 0
Event: 71.522 Thread 0x000001c72b8513c0 Uncommon trap: trap_request=0xffffff45 fr.pc=0x000001c71c449174 relative=0x0000000000000354
Event: 71.522 Thread 0x000001c72b8513c0 Uncommon trap: reason=unstable_if action=reinterpret pc=0x000001c71c449174 method=java.lang.StringLatin1.canEncode(I)Z @ 4 c2
Event: 71.522 Thread 0x000001c72b8513c0 DEOPT PACKING pc=0x000001c71c449174 sp=0x0000002a792f2470
Event: 71.522 Thread 0x000001c72b8513c0 DEOPT UNPACKING pc=0x000001c71bee66a3 sp=0x0000002a792f2398 mode 2
Event: 71.522 Thread 0x000001c72b8513c0 Uncommon trap: trap_request=0xffffff45 fr.pc=0x000001c71c449a54 relative=0x0000000000000334
Event: 71.522 Thread 0x000001c72b8513c0 Uncommon trap: reason=unstable_if action=reinterpret pc=0x000001c71c449a54 method=java.lang.AbstractStringBuilder.isLatin1()Z @ 10 c2
Event: 71.522 Thread 0x000001c72b8513c0 DEOPT PACKING pc=0x000001c71c449a54 sp=0x0000002a792f2480
Event: 71.522 Thread 0x000001c72b8513c0 DEOPT UNPACKING pc=0x000001c71bee66a3 sp=0x0000002a792f2400 mode 2
Event: 71.522 Thread 0x000001c72b8513c0 Uncommon trap: trap_request=0xffffff45 fr.pc=0x000001c71c456d5c relative=0x000000000000005c
Event: 71.522 Thread 0x000001c72b8513c0 Uncommon trap: reason=unstable_if action=reinterpret pc=0x000001c71c456d5c method=java.lang.AbstractStringBuilder.isLatin1()Z @ 10 c2
Event: 71.522 Thread 0x000001c72b8513c0 DEOPT PACKING pc=0x000001c71c456d5c sp=0x0000002a792f2460
Event: 71.522 Thread 0x000001c72b8513c0 DEOPT UNPACKING pc=0x000001c71bee66a3 sp=0x0000002a792f23f0 mode 2
Event: 71.535 Thread 0x000001c72b8513c0 Uncommon trap: trap_request=0xffffff45 fr.pc=0x000001c71c450038 relative=0x0000000000000038
Event: 71.535 Thread 0x000001c72b8513c0 Uncommon trap: reason=unstable_if action=reinterpret pc=0x000001c71c450038 method=java.lang.StringLatin1.canEncode(I)Z @ 4 c2
Event: 71.535 Thread 0x000001c72b8513c0 DEOPT PACKING pc=0x000001c71c450038 sp=0x0000002a792f2400
Event: 71.535 Thread 0x000001c72b8513c0 DEOPT UNPACKING pc=0x000001c71bee66a3 sp=0x0000002a792f2390 mode 2

Classes unloaded (0 events):
No events

Classes redefined (0 events):
No events

Internal exceptions (20 events):
Event: 68.894 Thread 0x000001c72b8513c0 Exception <a 'java/lang/NoSuchMethodError'{0x00000000eb0869a0}: 'void java.lang.invoke.DelegatingMethodHandle$Holder.delegate(java.lang.Object, java.lang.Object, int, java.lang.Object)'> (0x00000000eb0869a0) 
thrown [s\src\hotspot\share\interpreter\linkResolver.cpp, line 759]
Event: 68.906 Thread 0x000001c72b8513c0 Exception <a 'java/lang/NoSuchMethodError'{0x00000000eb098260}: 'int java.lang.invoke.DirectMethodHandle$Holder.invokeStatic(java.lang.Object, java.lang.Object, int)'> (0x00000000eb098260) 
thrown [s\src\hotspot\share\interpreter\linkResolver.cpp, line 759]
Event: 68.907 Thread 0x000001c72b8513c0 Exception <a 'java/lang/NoSuchMethodError'{0x00000000eb09c310}: 'int java.lang.invoke.DirectMethodHandle$Holder.invokeSpecial(java.lang.Object, java.lang.Object, java.lang.Object, int)'> (0x00000000eb09c310) 
thrown [s\src\hotspot\share\interpreter\linkResolver.cpp, line 759]
Event: 68.919 Thread 0x000001c72b8513c0 Exception <a 'java/lang/NoSuchMethodError'{0x00000000eb0b7e58}: 'java.lang.Object java.lang.invoke.DirectMethodHandle$Holder.invokeStatic(java.lang.Object, java.lang.Object, java.lang.Object, java.lang.Object, int)'> (0x00000000eb0b7e58) 
thrown [s\src\hotspot\share\interpreter\linkResolver.cpp, line 759]
Event: 68.930 Thread 0x000001c72b8513c0 Exception <a 'java/lang/NoSuchMethodError'{0x00000000eb0c3e50}: 'java.lang.Object java.lang.invoke.DelegatingMethodHandle$Holder.reinvoke_L(java.lang.Object, java.lang.Object, java.lang.Object, java.lang.Object, int, int)'> (0x00000000eb0c3e50) 
thrown [s\src\hotspot\share\interpreter\linkResolver.cpp, line 759]
Event: 68.939 Thread 0x000001c72b8513c0 Exception <a 'java/lang/NoSuchMethodError'{0x00000000eb0d88b8}: 'java.lang.Object java.lang.invoke.Invokers$Holder.invokeExact_MT(java.lang.Object, java.lang.Object, java.lang.Object, java.lang.Object)'> (0x00000000eb0d88b8) 
thrown [s\src\hotspot\share\interpreter\linkResolver.cpp, line 759]
Event: 69.174 Thread 0x000001c72b8513c0 Exception <a 'java/io/FileNotFoundException'{0x00000000eb226430}> (0x00000000eb226430) 
thrown [s\src\hotspot\share\prims\jni.cpp, line 516]
Event: 69.196 Thread 0x000001c72b8513c0 Exception <a 'java/io/FileNotFoundException'{0x00000000eb240ce0}> (0x00000000eb240ce0) 
thrown [s\src\hotspot\share\prims\jni.cpp, line 516]
Event: 69.605 Thread 0x000001c72b8513c0 Exception <a 'java/lang/NoSuchMethodError'{0x00000000eb642d10}: 'java.lang.Object java.lang.invoke.DirectMethodHandle$Holder.newInvokeSpecial(java.lang.Object, java.lang.Object, java.lang.Object, java.lang.Object, java.lang.Object)'> (0x00000000eb642d10) 
thrown [s\src\hotspot\share\interpreter\linkResolver.cpp, line 759]
Event: 69.700 Thread 0x000001c72b8513c0 Exception <a 'java/lang/NoSuchMethodError'{0x00000000eb733ab0}: 'java.lang.Object java.lang.invoke.DirectMethodHandle$Holder.invokeSpecial(java.lang.Object, java.lang.Object, java.lang.Object, long, java.lang.Object)'> (0x00000000eb733ab0) 
thrown [s\src\hotspot\share\interpreter\linkResolver.cpp, line 759]
Event: 69.703 Thread 0x000001c72b8513c0 Exception <a 'java/lang/NoSuchMethodError'{0x00000000eb73ecf8}: 'java.lang.Object java.lang.invoke.DirectMethodHandle$Holder.newInvokeSpecial(java.lang.Object, java.lang.Object, java.lang.Object, long)'> (0x00000000eb73ecf8) 
thrown [s\src\hotspot\share\interpreter\linkResolver.cpp, line 759]
Event: 69.722 Thread 0x000001c72b8513c0 Exception <a 'java/lang/NoSuchMethodError'{0x00000000eb743298}: 'java.lang.Object java.lang.invoke.DirectMethodHandle$Holder.invokeSpecial(java.lang.Object, java.lang.Object, java.lang.Object, java.lang.Object, long)'> (0x00000000eb743298) 
thrown [s\src\hotspot\share\interpreter\linkResolver.cpp, line 759]
Event: 69.723 Thread 0x000001c72b8513c0 Exception <a 'java/lang/NoSuchMethodError'{0x00000000eb747110}: 'java.lang.Object java.lang.invoke.Invokers$Holder.linkToTargetMethod(java.lang.Object, java.lang.Object, long, java.lang.Object)'> (0x00000000eb747110) 
thrown [s\src\hotspot\share\interpreter\linkResolver.cpp, line 759]
Event: 69.787 Thread 0x000001c72b8513c0 Exception <a 'java/lang/IncompatibleClassChangeError'{0x00000000eb857ac0}: Found class java.lang.Object, but interface was expected> (0x00000000eb857ac0) 
thrown [s\src\hotspot\share\interpreter\linkResolver.cpp, line 826]
Event: 69.789 Thread 0x000001c72b8513c0 Exception <a 'java/lang/NoSuchMethodError'{0x00000000eb85b868}: 'java.lang.Object java.lang.invoke.DirectMethodHandle$Holder.invokeSpecial(java.lang.Object, java.lang.Object, java.lang.Object, int, java.lang.Object, java.lang.Object)'> (0x00000000eb85b868) 
thrown [s\src\hotspot\share\interpreter\linkResolver.cpp, line 759]
Event: 69.791 Thread 0x000001c72b8513c0 Exception <a 'java/lang/NoSuchMethodError'{0x00000000eb863f60}: 'java.lang.Object java.lang.invoke.DirectMethodHandle$Holder.newInvokeSpecial(java.lang.Object, java.lang.Object, java.lang.Object, int, java.lang.Object)'> (0x00000000eb863f60) 
thrown [s\src\hotspot\share\interpreter\linkResolver.cpp, line 759]
Event: 69.792 Thread 0x000001c72b8513c0 Exception <a 'java/lang/NoSuchMethodError'{0x00000000eb8683b8}: 'java.lang.Object java.lang.invoke.DirectMethodHandle$Holder.invokeSpecial(java.lang.Object, java.lang.Object, java.lang.Object, java.lang.Object, int, java.lang.Object)'> (0x00000000eb8683b8) 
thrown [s\src\hotspot\share\interpreter\linkResolver.cpp, line 759]
Event: 69.793 Thread 0x000001c72b8b7750 Exception <a 'java/lang/NoSuchMethodError'{0x00000000eb7a7278}: 'java.lang.Object java.lang.invoke.DirectMethodHandle$Holder.invokeSpecial(java.lang.Object, java.lang.Object, int, java.lang.Object, java.lang.Object)'> (0x00000000eb7a7278) 
thrown [s\src\hotspot\share\interpreter\linkResolver.cpp, line 759]
Event: 70.589 Thread 0x000001c72b8513c0 Exception <a 'java/lang/NoSuchMethodError'{0x00000000ec1bba38}: 'java.lang.Object java.lang.invoke.Invokers$Holder.linkToTargetMethod(java.lang.Object, long, java.lang.Object, java.lang.Object)'> (0x00000000ec1bba38) 
thrown [s\src\hotspot\share\interpreter\linkResolver.cpp, line 759]
Event: 71.281 Thread 0x000001c72b8513c0 Exception <a 'java/io/FileNotFoundException'{0x00000000eb08c4c0}> (0x00000000eb08c4c0) 
thrown [s\src\hotspot\share\prims\jni.cpp, line 516]

VM Operations (20 events):
Event: 68.888 Executing VM operation: HandshakeAllThreads
Event: 68.888 Executing VM operation: HandshakeAllThreads done
Event: 69.514 Executing VM operation: HandshakeAllThreads
Event: 69.514 Executing VM operation: HandshakeAllThreads done
Event: 69.514 Executing VM operation: Cleanup
Event: 69.514 Executing VM operation: Cleanup done
Event: 69.849 Executing VM operation: HandshakeAllThreads
Event: 69.849 Executing VM operation: HandshakeAllThreads done
Event: 69.850 Executing VM operation: HandshakeAllThreads
Event: 69.850 Executing VM operation: HandshakeAllThreads done
Event: 70.043 Executing VM operation: HandshakeAllThreads
Event: 70.043 Executing VM operation: HandshakeAllThreads done
Event: 70.332 Executing VM operation: HandshakeAllThreads
Event: 70.332 Executing VM operation: HandshakeAllThreads done
Event: 70.358 Executing VM operation: HandshakeAllThreads
Event: 70.358 Executing VM operation: HandshakeAllThreads done
Event: 71.022 Executing VM operation: ParallelGCFailedAllocation
Event: 71.029 Executing VM operation: ParallelGCFailedAllocation done
Event: 71.859 Executing VM operation: HandshakeAllThreads
Event: 71.859 Executing VM operation: HandshakeAllThreads done

Events (20 events):
Event: 71.522 loading class sun/text/resources/cldr/FormatData_en_US
Event: 71.522 loading class sun/text/resources/cldr/FormatData_en_US done
Event: 71.522 loading class java/text/NumberFormat
Event: 71.523 loading class java/text/NumberFormat done
Event: 71.524 loading class sun/util/locale/provider/NumberFormatProviderImpl
Event: 71.524 loading class sun/util/locale/provider/NumberFormatProviderImpl done
Event: 71.526 loading class java/text/DecimalFormat
Event: 71.533 loading class java/text/DecimalFormat done
Event: 71.533 loading class java/text/DigitList
Event: 71.534 loading class java/text/DigitList done
Event: 71.534 loading class java/math/RoundingMode
Event: 71.535 loading class java/math/RoundingMode done
Event: 71.887 loading class java/io/InvalidObjectException
Event: 71.888 loading class java/io/ObjectStreamException
Event: 71.888 loading class java/io/ObjectStreamException done
Event: 71.888 loading class java/io/InvalidObjectException done
Event: 71.967 loading class java/util/concurrent/atomic/AtomicReferenceArray
Event: 71.971 loading class java/util/concurrent/atomic/AtomicReferenceArray done
Event: 71.971 loading class java/lang/invoke/VarHandleReferences$Array
Event: 71.972 loading class java/lang/invoke/VarHandleReferences$Array done


Dynamic libraries:
0x00007ff685c50000 - 0x00007ff685c5e000 	c:\Users\praja\.vscode\extensions\redhat.java-1.25.0-win32-x64\jre\17.0.9-win32-x86_64\bin\java.exe
0x00007ffedd9b0000 - 0x00007ffeddbc7000 	C:\WINDOWS\SYSTEM32\ntdll.dll
0x00007ffedc930000 - 0x00007ffedc9f4000 	C:\WINDOWS\System32\KERNEL32.DLL
0x00007ffedadc0000 - 0x00007ffedb166000 	C:\WINDOWS\System32\KERNELBASE.dll
0x00007ffedb170000 - 0x00007ffedb281000 	C:\WINDOWS\System32\ucrtbase.dll
0x00007ffeaba30000 - 0x00007ffeaba47000 	c:\Users\praja\.vscode\extensions\redhat.java-1.25.0-win32-x64\jre\17.0.9-win32-x86_64\bin\jli.dll
0x00007ffedd750000 - 0x00007ffedd8fe000 	C:\WINDOWS\System32\USER32.dll
0x00007ffedb5b0000 - 0x00007ffedb5d6000 	C:\WINDOWS\System32\win32u.dll
0x00007ffedb700000 - 0x00007ffedb729000 	C:\WINDOWS\System32\GDI32.dll
0x00007ffedb5e0000 - 0x00007ffedb6f8000 	C:\WINDOWS\System32\gdi32full.dll
0x00007ffedad20000 - 0x00007ffedadba000 	C:\WINDOWS\System32\msvcp_win.dll
0x00007ffeaaf50000 - 0x00007ffeaaf6b000 	c:\Users\praja\.vscode\extensions\redhat.java-1.25.0-win32-x64\jre\17.0.9-win32-x86_64\bin\VCRUNTIME140.dll
0x00007ffec6b10000 - 0x00007ffec6da3000 	C:\WINDOWS\WinSxS\amd64_microsoft.windows.common-controls_6595b64144ccf1df_6.0.22621.2506_none_270c5ae97388e100\COMCTL32.dll
0x00007ffedc880000 - 0x00007ffedc927000 	C:\WINDOWS\System32\msvcrt.dll
0x00007ffedd1a0000 - 0x00007ffedd1d1000 	C:\WINDOWS\System32\IMM32.DLL
0x00007ffed5fe0000 - 0x00007ffed5fec000 	c:\Users\praja\.vscode\extensions\redhat.java-1.25.0-win32-x64\jre\17.0.9-win32-x86_64\bin\vcruntime140_1.dll
0x00007ffe93d60000 - 0x00007ffe93ded000 	c:\Users\praja\.vscode\extensions\redhat.java-1.25.0-win32-x64\jre\17.0.9-win32-x86_64\bin\msvcp140.dll
0x00007ffe86100000 - 0x00007ffe86d61000 	c:\Users\praja\.vscode\extensions\redhat.java-1.25.0-win32-x64\jre\17.0.9-win32-x86_64\bin\server\jvm.dll
0x00007ffedbdb0000 - 0x00007ffedbe61000 	C:\WINDOWS\System32\ADVAPI32.dll
0x00007ffedca00000 - 0x00007ffedcaa5000 	C:\WINDOWS\System32\sechost.dll
0x00007ffedba70000 - 0x00007ffedbb87000 	C:\WINDOWS\System32\RPCRT4.dll
0x00007ffedabf0000 - 0x00007ffedac3d000 	C:\WINDOWS\SYSTEM32\POWRPROF.dll
0x00007ffeb10c0000 - 0x00007ffeb10c9000 	C:\WINDOWS\SYSTEM32\WSOCK32.dll
0x00007ffedb890000 - 0x00007ffedb901000 	C:\WINDOWS\System32\WS2_32.dll
0x00007ffed1bc0000 - 0x00007ffed1bf4000 	C:\WINDOWS\SYSTEM32\WINMM.dll
0x00007ffed1c00000 - 0x00007ffed1c0a000 	C:\WINDOWS\SYSTEM32\VERSION.dll
0x00007ffedabd0000 - 0x00007ffedabe3000 	C:\WINDOWS\SYSTEM32\UMPDC.dll
0x00007ffed9cf0000 - 0x00007ffed9d08000 	C:\WINDOWS\SYSTEM32\kernel.appcore.dll
0x00007ffed5d00000 - 0x00007ffed5d0a000 	c:\Users\praja\.vscode\extensions\redhat.java-1.25.0-win32-x64\jre\17.0.9-win32-x86_64\bin\jimage.dll
0x00007ffec3980000 - 0x00007ffec3bb3000 	C:\WINDOWS\SYSTEM32\DBGHELP.DLL
0x00007ffedce10000 - 0x00007ffedd199000 	C:\WINDOWS\System32\combase.dll
0x00007ffedd660000 - 0x00007ffedd737000 	C:\WINDOWS\System32\OLEAUT32.dll
0x00007ffeb8ca0000 - 0x00007ffeb8cd2000 	C:\WINDOWS\SYSTEM32\dbgcore.DLL
0x00007ffedb3c0000 - 0x00007ffedb43a000 	C:\WINDOWS\System32\bcryptPrimitives.dll
0x00007ffed2300000 - 0x00007ffed230e000 	c:\Users\praja\.vscode\extensions\redhat.java-1.25.0-win32-x64\jre\17.0.9-win32-x86_64\bin\instrument.dll
0x00007ffe944d0000 - 0x00007ffe944f5000 	c:\Users\praja\.vscode\extensions\redhat.java-1.25.0-win32-x64\jre\17.0.9-win32-x86_64\bin\java.dll
0x00007ffea9f90000 - 0x00007ffea9fa8000 	c:\Users\praja\.vscode\extensions\redhat.java-1.25.0-win32-x64\jre\17.0.9-win32-x86_64\bin\zip.dll
0x00007ffedc020000 - 0x00007ffedc87a000 	C:\WINDOWS\System32\SHELL32.dll
0x00007ffed8bf0000 - 0x00007ffed94e6000 	C:\WINDOWS\SYSTEM32\windows.storage.dll
0x00007ffed8ab0000 - 0x00007ffed8bee000 	C:\WINDOWS\SYSTEM32\wintypes.dll
0x00007ffedbf20000 - 0x00007ffedc013000 	C:\WINDOWS\System32\SHCORE.dll
0x00007ffedbd50000 - 0x00007ffedbdae000 	C:\WINDOWS\System32\shlwapi.dll
0x00007ffedac50000 - 0x00007ffedac76000 	C:\WINDOWS\SYSTEM32\profapi.dll
0x00007ffea27e0000 - 0x00007ffea27f9000 	C:\Users\praja\.vscode\extensions\redhat.java-1.25.0-win32-x64\jre\17.0.9-win32-x86_64\bin\net.dll
0x00007ffed1fe0000 - 0x00007ffed2117000 	C:\WINDOWS\SYSTEM32\WINHTTP.dll
0x00007ffeda1a0000 - 0x00007ffeda209000 	C:\WINDOWS\system32\mswsock.dll
0x00007ffe9c480000 - 0x00007ffe9c496000 	C:\Users\praja\.vscode\extensions\redhat.java-1.25.0-win32-x64\jre\17.0.9-win32-x86_64\bin\nio.dll
0x00007ffed0cd0000 - 0x00007ffed0ce0000 	c:\Users\praja\.vscode\extensions\redhat.java-1.25.0-win32-x64\jre\17.0.9-win32-x86_64\bin\verify.dll
0x00007ffe942a0000 - 0x00007ffe942de000 	C:\Users\praja\AppData\Roaming\Code\User\globalStorage\redhat.java\1.25.0\config_win\org.eclipse.equinox.launcher\org.eclipse.equinox.launcher.win32.win32.x86_64_1.2.800.v20231003-1442\eclipse_11802.dll
0x00007ffedcab0000 - 0x00007ffedcc50000 	C:\WINDOWS\System32\ole32.dll
0x00007ffed0bd0000 - 0x00007ffed0bd9000 	C:\Users\praja\.vscode\extensions\redhat.java-1.25.0-win32-x64\jre\17.0.9-win32-x86_64\bin\management.dll
0x00007ffecfc80000 - 0x00007ffecfc8b000 	C:\Users\praja\.vscode\extensions\redhat.java-1.25.0-win32-x64\jre\17.0.9-win32-x86_64\bin\management_ext.dll
0x00007ffedd740000 - 0x00007ffedd748000 	C:\WINDOWS\System32\PSAPI.DLL

dbghelp: loaded successfully - version: 4.0.5 - missing functions: none
symbol engine: initialized successfully - sym options: 0x614 - pdb path: .;c:\Users\praja\.vscode\extensions\redhat.java-1.25.0-win32-x64\jre\17.0.9-win32-x86_64\bin;C:\WINDOWS\SYSTEM32;C:\WINDOWS\WinSxS\amd64_microsoft.windows.common-controls_6595b64144ccf1df_6.0.22621.2506_none_270c5ae97388e100;c:\Users\praja\.vscode\extensions\redhat.java-1.25.0-win32-x64\jre\17.0.9-win32-x86_64\bin\server;C:\Users\praja\AppData\Roaming\Code\User\globalStorage\redhat.java\1.25.0\config_win\org.eclipse.equinox.launcher\org.eclipse.equinox.launcher.win32.win32.x86_64_1.2.800.v20231003-1442

VM Arguments:
jvm_args: --add-modules=ALL-SYSTEM --add-opens=java.base/java.util=ALL-UNNAMED --add-opens=java.base/java.lang=ALL-UNNAMED --add-opens=java.base/sun.nio.fs=ALL-UNNAMED -Declipse.application=org.eclipse.jdt.ls.core.id1 -Dosgi.bundles.defaultStartLevel=4 -Declipse.product=org.eclipse.jdt.ls.core.product -Djava.import.generatesMetadataFilesAtProjectRoot=false -DDetectVMInstallationsJob.disabled=true -Dfile.encoding=utf8 -XX:+UseParallelGC -XX:GCTimeRatio=4 -XX:AdaptiveSizePolicyWeight=90 -Dsun.zip.disableMemoryMapping=true -Xmx1G -Xms100m -Xlog:disable -javaagent:c:\Users\praja\.vscode\extensions\redhat.java-1.25.0-win32-x64\lombok\lombok-1.18.30.jar -XX:+HeapDumpOnOutOfMemoryError -XX:HeapDumpPath=c:\Users\praja\AppData\Roaming\Code\User\workspaceStorage\af695a315766e8fe8ca17075b35fad3f\redhat.java -Daether.dependencyCollector.impl=bf 
java_command: c:\Users\praja\.vscode\extensions\redhat.java-1.25.0-win32-x64\server\plugins\org.eclipse.equinox.launcher_1.6.600.v20231012-1237.jar -configuration c:\Users\praja\AppData\Roaming\Code\User\globalStorage\redhat.java\1.25.0\config_win -data c:\Users\praja\AppData\Roaming\Code\User\workspaceStorage\af695a315766e8fe8ca17075b35fad3f\redhat.java\jdt_ws --stdio
java_class_path (initial): c:\Users\praja\.vscode\extensions\redhat.java-1.25.0-win32-x64\server\plugins\org.eclipse.equinox.launcher_1.6.600.v20231012-1237.jar
Launcher Type: SUN_STANDARD

[Global flags]
    uintx AdaptiveSizePolicyWeight                 = 90                                        {product} {command line}
     intx CICompilerCount                          = 3                                         {product} {ergonomic}
    uintx GCTimeRatio                              = 4                                         {product} {command line}
     bool HeapDumpOnOutOfMemoryError               = true                                   {manageable} {command line}
    ccstr HeapDumpPath                             = c:\Users\praja\AppData\Roaming\Code\User\workspaceStorage\af695a315766e8fe8ca17075b35fad3f\redhat.java         {manageable} {command line}
   size_t InitialHeapSize                          = 104857600                                 {product} {command line}
   size_t MaxHeapSize                              = 1073741824                                {product} {command line}
   size_t MaxNewSize                               = 357564416                                 {product} {ergonomic}
   size_t MinHeapDeltaBytes                        = 524288                                    {product} {ergonomic}
   size_t MinHeapSize                              = 104857600                                 {product} {command line}
   size_t NewSize                                  = 34603008                                  {product} {ergonomic}
    uintx NonNMethodCodeHeapSize                   = 5832780                                {pd product} {ergonomic}
    uintx NonProfiledCodeHeapSize                  = 122912730                              {pd product} {ergonomic}
   size_t OldSize                                  = 70254592                                  {product} {ergonomic}
    uintx ProfiledCodeHeapSize                     = 122912730                              {pd product} {ergonomic}
    uintx ReservedCodeCacheSize                    = 251658240                              {pd product} {ergonomic}
     bool SegmentedCodeCache                       = true                                      {product} {ergonomic}
   size_t SoftMaxHeapSize                          = 1073741824                             {manageable} {ergonomic}
     bool UseCompressedClassPointers               = true                           {product lp64_product} {ergonomic}
     bool UseCompressedOops                        = true                           {product lp64_product} {ergonomic}
     bool UseLargePagesIndividualAllocation        = false                                  {pd product} {ergonomic}
     bool UseParallelGC                            = true                                      {product} {command line}

Logging:
Log output configuration:
 #0: stdout all=off uptime,level,tags
 #1: stderr all=off uptime,level,tags

Environment Variables:
PATH=E:\WINDOWS.X64_193000_db_home\bin;C:\Program Files\Common Files\Oracle\Java\javapath;C:\Program Files (x86)\VMware\VMware Workstation\bin\;C:\Windows\System32;C:\WINDOWS\system32;C:\WINDOWS;C:\WINDOWS\System32\Wbem;C:\WINDOWS\System32\WindowsPowerShell\v1.0\;C:\WINDOWS\System32\OpenSSH\;C:\Program Files\dotnet\;C:\php-8.2.4;C:\Program Files\nodejs\;C:\ProgramData\chocolatey\bin;C:\Program Files\Java\jdk-21\bin;E:\Git\cmd;C:\apachemaven\apache-maven-3.9.6\bin;C:\Program Files\MySQL\MySQL Server 8.0\bin;C:\Program Files\MySQL\MySQL Shell 8.0\bin\;C:\Users\praja\AppData\Local\Programs\Python\Launcher\;C:\Users\praja\AppData\Local\Programs\Python\Python39\Scripts\;C:\Users\praja\AppData\Local\Programs\Python\Python39\;C:\Users\praja\AppData\Local\Programs\Python\Python310\Scripts\;C:\Users\praja\AppData\Local\Programs\Python\Python310\;C:\Users\praja\AppData\Local\Programs\Microsoft VS Code\bin;C:\MinGW\mingw32;C:\MinGW\bin;C:\Users\praja\AppData\Local\Microsoft\WindowsApps;C:\Program Files (x86)\MinGW;C:\Program Files (x86)\MinGW\mingw32;C:\Program Files (x86)\MinGW\bin;C:\Program Files\Java\jdk-20\bin;C:\php-8.2.4;C:\Users\praja\AppData\Roaming\npm;C:\Users\praja\AppData\Local\GitHubDesktop\bin
USERNAME=dprathod
OS=Windows_NT
PROCESSOR_IDENTIFIER=AMD64 Family 23 Model 24 Stepping 1, AuthenticAMD
TMP=C:\Users\praja\AppData\Local\Temp
TEMP=C:\Users\praja\AppData\Local\Temp



Periodic native trim disabled


---------------  S Y S T E M  ---------------

OS:
 Windows 11 , 64 bit Build 22621 (10.0.22621.2506)
OS uptime: 0 days 21:56 hours
Hyper-V role detected

CPU: total 4 (initial active 4) (4 cores per cpu, 2 threads per core) family 23 model 24 stepping 1 microcode 0x0, cx8, cmov, fxsr, ht, mmx, 3dnowpref, sse, sse2, sse3, ssse3, sse4a, sse4.1, sse4.2, popcnt, lzcnt, tsc, tscinvbit, avx, avx2, aes, clmul, bmi1, bmi2, adx, sha, fma, vzeroupper, clflush, clflushopt, hv
Processor Information for all 4 processors :
  Max Mhz: 2600, Current Mhz: 2600, Mhz Limit: 2600

Memory: 4k page, system-wide physical 6086M (1044M free)
TotalPageFile size 9834M (AvailPageFile size 5M)
current process WorkingSet (physical memory assigned to process): 143M, peak: 143M
current process commit charge ("private bytes"): 233M, peak: 235M

vm_info: OpenJDK 64-Bit Server VM (17.0.9+9) for windows-amd64 JRE (17.0.9+9), built on Oct 26 2023 14:01:42 by "admin" with MS VC++ 16.10 / 16.11 (VS2019)

END.
